

            ------ PROGRAM FOR OPTIMIZING Magnetic STRUCTURE ------
                    ---- Version 1.1 February-2012 ----
    *******************************************************************************
    * Optimizes a magnetic structure given in *.CFL file                           
    * against polarisation matrices and magnetic intensities                       
    *******************************************************************************

                             OZ-February-2012


        Metric information:
        -------------------

 => Direct cell parameters:

         a =      12.9815      b =       6.5745      c =      14.2897
     alpha =       90.000   beta =      108.300  gamma =       90.000
                        Direct Cell Volume =    1157.9015

 => Reciprocal cell parameters:

         a*=     0.081136      b*=     0.152103      c*=     0.073708
     alpha*=       90.000   beta*=       71.700  gamma*=       90.000
                    Reciprocal Cell Volume =   0.00086363

 => Direct and Reciprocal Metric Tensors:

                   GD                                       GR
    168.5193      0.0000    -58.2462          0.006583    0.000000    0.001878
      0.0000     43.2241      0.0000          0.000000    0.023135    0.000000
    -58.2462      0.0000    204.1955          0.001878    0.000000    0.005433

 =>  Cartesian frame: x // a; y is in the ab-plane; z is x ^ y   

     Crystal_to_Orthonormal_Matrix              Orthonormal_to_Crystal Matrix
              Cr_Orth_cel                               Orth_Cr_cel  
     12.9815      0.0000     -4.4869          0.077033   -0.000000    0.025476
      0.0000      6.5745      0.0000         -0.000000    0.152103   -0.000000
      0.0000      0.0000     13.5670          0.000000   -0.000000    0.073708

     Busing-Levy B-matrix: Hc=B.H            Inverse of the Busing-Levy B-matrix
                BL_M                                      BL_Minv  
    0.081136    0.000000    0.023144           12.3250     -0.0000     -4.0761
    0.000000    0.152103   -0.000000           -0.0000      6.5745      0.0000
    0.000000    0.000000    0.069980            0.0000     -0.0000     14.2897


        Information on Space Group: 
        --------------------------- 

 =>  Number of Space group:  14
 => Hermann-Mauguin Symbol: P 21/c
 =>            Hall Symbol: -P 2ybc
 =>   Table Setting Choice: b1
 =>           Setting Type: IT (Generated from Hermann-Mauguin symbol)
 =>         Crystal System: Monoclinic
 =>             Laue Class: 2/m
 =>            Point Group: 2/m
 =>        Bravais Lattice: P
 =>         Lattice Symbol: mP
 => Reduced Number of S.O.:   2
 =>   General multiplicity:   4
 =>         Centrosymmetry: Centric (-1 at origin)
 => Generators (exc. -1&L):   1
 =>        Asymmetric unit:  0.000 <= x <=  1.000
                             0.000 <= y <=  0.250
                             0.000 <= z <=  1.000
 => List of S.O. without inversion and lattice centring translations
 => SYMM( 1): x,y,z                                => SYMM( 2): -x,y+1/2,-z+1/2


        Atoms information:
        ------------------

    Atom      Chem        x/a       y/b       z/c       Biso     Occ       Mult
    ===========================================================================
    Fe1        FE       0.1184    0.0012    0.9734    0.0000    1.0000        4
    Fe5        FE       0.9377    0.2953    0.8562    0.0000    1.0000        4
    Te1        TE      -0.1120   -0.3120   -0.7192    0.0000    1.0000        4
    Te2        TE      -0.3645    0.4682   -0.6398    0.0000    1.0000        4
    Te3        TE      -0.2007   -0.0200   -0.5200    0.0000    1.0000        4
    Te4        TE      -0.2795    0.2879   -0.3581    0.0000    1.0000        4
    Br1        BR      -0.4323    0.7167   -0.5413    0.0000    1.0000        4
    Br2        BR      -0.3824    0.6418   -0.2754    0.0000    1.0000        4
    O1         O        0.0905    0.3018   -0.0525    0.0000    1.0000        4
    O2         O       -0.0354    0.9884   -0.1025    0.0000    1.0000        4
    O3         O       -0.2287    0.5897   -0.5931    0.0000    1.0000        4
    O4         O       -0.2108    0.2287   -0.2258    0.0000    1.0000        4
    O5         O       -0.1874    0.4826   -0.3785    0.0000    1.0000        4
    O6         O        0.2106    0.5535   -0.1096    0.0000    1.0000        4
    O7         O        0.1088    0.7117    0.0203    0.0000    1.0000        4
    O8         O        0.0140    0.7581   -0.2432    0.0000    1.0000        4
    O9         O       -0.1021    0.5790   -0.1368    0.0000    1.0000        4
    O10        O       -0.3323    0.2596   -0.5435    0.0000    1.0000        4

===================================
== Magnetic Symmetry Information ==
===================================

 => Magnetic  model name: Unnamed Model
 => Crystal lattice type: P
 => Number of Magnetic operators/Crystallographic operator:  1
 => The crystallographic structure is acentric  
 => The magnetic structure is centric 
 => Number of propagation vectors:  1
 => Propagation vectors # 1 = (  0.5000  0.4630  0.0000 )

 => List of all Symmetry Operators and Symmetry Symbols

 => SYMM(  1):   x,y,z                           Symbol: 1
    MSYMM( 1, 1):   u,v,w, 0.0

====================================
== Magnetic Structure Information ==
====================================

 
== Magnetic Asymmetric Unit Data ==
 

  The Fourier coefficients are of the form: Sk(j) = 1/2 { Rk(j) + i Ik(j) } exp {-2pi i Mphask(j)}
  They are written for each atom j as Sk( j)= 1/2 {(Rx Ry Rz) + i ( Ix Iy Iz)} exp {-2pi i Mphask} -> MagMatrix # imat
  In case of k=2H (H reciprocal lattice vector) Sk(j)= (Rx Ry Rz)
   Atom Fe1       MFE3   0.11843   0.00120   0.97341   0.00000   1.00000
     Sk( 1) = 1/2 {(   3.91000   4.10000   2.59000) + i (  -1.61000   1.99000  -0.08000)}  exp { -2pi i   0.00000}  -> MagMatrix #   1
   Atom Fe2       MFE3  -0.11843  -0.00120  -0.97341   0.00000   1.00000
     Sk( 1) = 1/2 {(   3.91000   4.10000   2.59000) + i (  -1.61000   1.99000  -0.08000)}  exp { -2pi i   0.03600}  -> MagMatrix #   1
   Atom Fe3       MFE3  -0.11843   0.50120  -0.47341   0.00000   1.00000
     Sk( 1) = 1/2 {(   3.91000   4.10000   2.59000) + i (  -1.61000   1.99000  -0.08000)}  exp { -2pi i   0.16600}  -> MagMatrix #   1
   Atom Fe4       MFE3   0.11843   0.49880   1.47341   0.00000   1.00000
     Sk( 1) = 1/2 {(   3.91000   4.10000   2.59000) + i (  -1.61000   1.99000  -0.08000)}  exp { -2pi i   0.21200}  -> MagMatrix #   1
   Atom Fe5       MFE3   0.93770   0.29530   0.85620   0.00000   1.00000
     Sk( 1) = 1/2 {(   3.91000   4.10000   2.59000) + i (  -1.61000   1.99000  -0.08000)}  exp { -2pi i   0.52700}  -> MagMatrix #   1
   Atom Fe6       MFE3  -0.93770  -0.29530  -0.85620   0.00000   1.00000
     Sk( 1) = 1/2 {(   3.91000   4.10000   2.59000) + i (  -1.61000   1.99000  -0.08000)}  exp { -2pi i   0.46100}  -> MagMatrix #   1
   Atom Fe7       MFE3  -0.93770   0.79530  -0.35620   0.00000   1.00000
     Sk( 1) = 1/2 {(   3.91000   4.10000   2.59000) + i (  -1.61000   1.99000  -0.08000)}  exp { -2pi i   0.73300}  -> MagMatrix #   1
   Atom Fe8       MFE3   0.93770   0.20470   1.35620   0.00000   1.00000
     Sk( 1) = 1/2 {(   3.91000   4.10000   2.59000) + i (  -1.61000   1.99000  -0.08000)}  exp { -2pi i   0.68300}  -> MagMatrix #   1

 
== List of all atoms and Fourier coefficients in the primitive cell ==
 

 =>  Atom Fe1       ( 1) : 0.11843 0.00120 0.97341
     Sk( 1) = 1/2 {(   3.91000   4.10000   2.59000) + i (  -1.61000   1.99000  -0.08000)}
  
 =>  Atom Fe2       ( 1) :-0.11843-0.00120-0.97341
     Sk( 1) = 1/2 {(   3.44932   4.44186   2.50608) + i (  -2.44589   1.01980  -0.65882)}
  
 =>  Atom Fe3       ( 1) :-0.11843 0.50120-0.47341
     Sk( 1) = 1/2 {(   0.57825   3.78406   1.23527) + i (  -4.18877  -2.53988  -2.27785)}
  
 =>  Atom Fe4       ( 1) : 0.11843 0.49880 1.47341
     Sk( 1) = 1/2 {(  -0.63962   2.90319   0.53480) + i (  -4.17984  -3.51306  -2.53545)}
  
 =>  Atom Fe5       ( 1) : 0.93770 0.29530 0.85620
     Sk( 1) = 1/2 {(  -3.58205  -4.37712  -2.53931) + i (   2.24703  -1.26922   0.51613)}
  
 =>  Atom Fe6       ( 1) :-0.93770-0.29530-0.85620
     Sk( 1) = 1/2 {(  -4.18378  -3.49475  -2.53204) + i (   0.61334  -2.92521  -0.55072)}
  
 =>  Atom Fe7       ( 1) :-0.93770 0.79530-0.35620
     Sk( 1) = 1/2 {(   1.18397  -2.41577  -0.19658) + i (   4.05936   3.86448   2.58377)}
  
 =>  Atom Fe8       ( 1) : 0.93770 0.20470 1.35620
     Sk( 1) = 1/2 {(  -0.12838  -3.49172  -0.98539) + i (   4.22655   2.92882   2.39656)}
  
 => Magnetic S-Domains are present
    Chirality domains are also present                     Chir-1      Chir-2
      Matrix of Magnetic Domain #: 1 -> Populations:       0.1000      0.4000
                       1   0   0
                       0   1   0
                       0   0   1
      Matrix of Magnetic Domain #: 2 -> Populations:       0.4000      0.1000
                      -1   0   0
                       0   1   0
                       0   0  -1
      Matrix of Magnetic Domain #: 3 -> Populations:       0.2400      0.1890
                       1   0   0
                       0   1   0
                       0   0   1
      Matrix of Magnetic Domain #: 4 -> Populations:       0.2890      0.2810
                      -1   0   0
                       0   1   0
                       0   0  -1
      Matrix of Magnetic Domain #: 5 -> Populations:       0.0410      0.3110
                       1   0   0
                       0   1   0
                       0   0   1
      Matrix of Magnetic Domain #: 6 -> Populations:       0.1000      0.5480
                      -1   0   0
                       0   1   0
                       0   0  -1
      Matrix of Magnetic Domain #: 7 -> Populations:       0.5000      0.5000
                       1   0   0
                       0   1   0
                       0   0   1
 
 => Refinable Parameters:    11
 
    Name      N.Param   Code-Name       Value        L.Bound       U.Bound         Step    Condition   Multiplier    N.Atom
 ===========================================================================================================================
    MagPh_Fe2    1        MagPh_Fe2     0.0360        0.0000        1.0000        0.2000         1         1.000        2
    MagPh_Fe3    2        MagPh_Fe3     0.1660        0.0000        1.0000        0.2000         1         1.000        3
    MagPh_Fe4    3        MagPh_Fe4     0.2120        0.0000        1.0000        0.2000         1         1.000        4
    MagPh_Fe5    4        MagPh_Fe5     0.5270        0.0000        1.0000        0.2000         1         1.000        5
    MagPh_Fe6    5        MagPh_Fe6     0.4610        0.0000        1.0000        0.2000         1         1.000        6
    MagPh_Fe7    6        MagPh_Fe7     0.7330        0.0000        1.0000        0.2000         1         1.000        7
    MagPh_Fe8    7        MagPh_Fe8     0.6830        0.0000        1.0000        0.2000         1         1.000        8
    magdom01     8        magdom01      0.1000        0.0000        1.0000        0.0100         1         1.000        0
    magdom02     9        magdom02      0.4000        0.0000        1.0000        0.0100         1         1.000        0
    magdom03    10        magdom03      0.4000        0.0000        1.0000        0.0100         1         1.000        0
    magdom04    11        magdom04      0.1000        0.0000        1.0000        0.0100         1         1.000        0

==================================
= Cost functions to be minimized =
==================================

 => Optimization of Sum(|Obs-Scale*Calc|^2) / Sum (sigma^2)) / (Nobs-Nref)
 =>  Cost(F2mag): with weight:   1.00 Cost(mupad): with weight:   1.00

===========================================================================
Initial partial-Cost(mupad): Sum(|PObs-PCalc|^2) / Sum(sigma^2) ) / Nobs =         58.
===========================================================================

iset=  1 ori1.pol                                                                                                                        
    Pobs                   Pcalc
 -0.500000  1.537000  0.000000
  -0.9450  0.0260  0.0020  -0.8085  0.0000  0.0000
  -0.0090  0.8230 -0.4330   0.0076  0.6975 -0.3180
  -0.0020 -0.4480 -0.8270   0.0076 -0.3180 -0.6975
  0.500000 -2.463000  0.000000
  -0.9340  0.0000 -0.0340  -0.8109  0.0000  0.0000
   0.0010  0.8310  0.4700  -0.0048  0.6978  0.3211
  -0.0330  0.4460 -0.8350  -0.0048  0.3211 -0.6978
  0.500000 -2.537000  0.000000
  -0.8010  0.0120 -0.0030  -0.8091  0.0000  0.0000
  -0.0810  0.4070  0.4930   0.0047  0.6978  0.3212
  -0.0860  0.5030 -0.5670   0.0047  0.3212 -0.6978
  1.500000  0.463000  0.000000
  -0.8230  0.0270 -0.0480  -0.8025  0.0000  0.0000
   0.0540  0.6500 -0.5200   0.0380  0.6842 -0.1594
  -0.0120 -0.5300 -0.7090   0.0380 -0.1594 -0.6842
  1.500000  0.537000  0.000000
  -0.9080 -0.0050 -0.0110  -0.8167  0.0000  0.0000
  -0.0810  0.7870 -0.1810  -0.0365  0.6854 -0.1774
  -0.1000 -0.2050 -0.8230  -0.0365 -0.1774 -0.6854
  1.500000 -1.463000  0.000000
  -0.9170  0.0000 -0.0180  -0.8140  0.0000  0.0000
  -0.1320  0.5950  0.2460  -0.0213  0.6942  0.2814
  -0.1370  0.2440 -0.6200  -0.0213  0.2814 -0.6942
  1.500000 -1.537000  0.000000
  -0.9270  0.0090 -0.0360  -0.8060  0.0000  0.0000
   0.0540  0.8230  0.3830   0.0205  0.6945  0.2846
   0.0130  0.3380 -0.8430   0.0205  0.2846 -0.6945
  1.500000  2.463000  0.000000
  -0.8860  0.0360  0.0270  -0.8073  0.0000  0.0000
   0.0220  0.7560 -0.4460   0.0138  0.6965 -0.3062
   0.0230 -0.4680 -0.7760   0.0138 -0.3062 -0.6965
  1.500000  2.537000  0.000000
  -0.8880  0.0370 -0.0110  -0.8125  0.0000  0.0000
  -0.0270  0.7610 -0.4750  -0.0134  0.6965 -0.3071
  -0.0050 -0.4450 -0.7750  -0.0134 -0.3071 -0.6965
  2.500000  0.463000  0.000000
  -0.9210 -0.0010 -0.0320  -0.8018  0.0000  0.0000
   0.0160  0.8030 -0.2930   0.0414  0.6810 -0.1044
   0.0510 -0.3070 -0.8120   0.0414 -0.1044 -0.6810
  2.500000  0.537000  0.000000
  -0.9330  0.0210  0.0020  -0.8174  0.0000  0.0000
  -0.0960  0.7910 -0.3030  -0.0407  0.6817 -0.1189
  -0.0990 -0.3630 -0.8340  -0.0407 -0.1189 -0.6817
  2.500000  1.463000  0.000000
  -0.9140  0.0150 -0.0010  -0.8042  0.0000  0.0000
   0.0700  0.7650 -0.3550   0.0297  0.6902 -0.2359
   0.0920 -0.3940 -0.7550   0.0297 -0.2359 -0.6902
  2.500000  1.537000  0.000000
  -0.7330 -0.0020 -0.0470  -0.8153  0.0000  0.0000
  -0.0960  0.5790 -0.3530  -0.0289  0.6906 -0.2412
  -0.0910 -0.3710 -0.7020  -0.0289 -0.2412 -0.6906
  2.500000  2.537000  0.000000
  -0.8700  0.0030 -0.0050  -0.8138  0.0000  0.0000
  -0.0640  0.7820 -0.3590  -0.0206  0.6944 -0.2840
  -0.0710 -0.3760 -0.7300  -0.0206 -0.2840 -0.6944
  3.500000  0.463000  0.000000
  -0.9300 -0.0000 -0.0290  -0.8016  0.0000  0.0000
   0.0700  0.8190 -0.2290   0.0425  0.6798 -0.0766
   0.0720 -0.2400 -0.8280   0.0425 -0.0766 -0.6798
  3.500000  0.537000  0.000000
  -0.9280 -0.0160  0.0060  -0.8177  0.0000  0.0000
  -0.0850  0.7750 -0.3790  -0.0421  0.6802 -0.0880
  -0.0630 -0.3520 -0.7970  -0.0421 -0.0880 -0.6802
  3.500000  1.463000  0.000000
  -0.9130  0.0430 -0.0440  -0.8032  0.0000  0.0000
   0.0710  0.7560 -0.4480   0.0346  0.6869 -0.1964
   0.0490 -0.4800 -0.7720   0.0346 -0.1964 -0.6869
  3.500000  1.537000  0.000000
  -0.8960  0.0070 -0.0220  -0.8162  0.0000  0.0000
  -0.0940  0.7960 -0.2910  -0.0339  0.6874 -0.2025
  -0.0820 -0.2950 -0.8070  -0.0339 -0.2025 -0.6874
  3.500000  2.463000  0.000000
  -0.8870  0.0150 -0.0280  -0.8048  0.0000  0.0000
   0.0660  0.7630 -0.2590   0.0267  0.6918 -0.2548
   0.0470 -0.2590 -0.7950   0.0267 -0.2548 -0.6918
  3.500000  2.537000  0.000000
  -0.9110 -0.0240 -0.0550  -0.8148  0.0000  0.0000
  -0.1260  0.7560 -0.2540  -0.0262  0.6921 -0.2575
  -0.1070 -0.2790 -0.7810  -0.0262 -0.2575 -0.6921
  4.500000 -0.463000  0.000000
  -0.9100  0.0180  0.0320  -0.8178  0.0000  0.0000
  -0.0660  0.8390  0.2300  -0.0430  0.6793  0.0603
  -0.1040  0.1870 -0.8410  -0.0430  0.0603 -0.6793
  4.500000 -0.537000  0.000000
  -0.9330 -0.0270 -0.0150  -0.8015  0.0000  0.0000
   0.0940  0.8410  0.2650   0.0428  0.6796  0.0695
   0.0690  0.2470 -0.8380   0.0428  0.0695 -0.6796
  4.500000 -1.537000  0.000000
  -0.8820  0.0010  0.0150  -0.8027  0.0000  0.0000
   0.0620  0.8440  0.2360   0.0370  0.6850  0.1716
   0.0540  0.2390 -0.8160   0.0370  0.1716 -0.6850
  1.500000 -0.463000  0.000000
  -0.8520  0.0020 -0.0280  -0.8170  0.0000  0.0000
  -0.0020  0.6170  0.4520  -0.0380  0.6842  0.1594
  -0.0030  0.4800 -0.6380  -0.0380  0.1594 -0.6842
  1.500000 -0.463000  0.000000
   0.7630  0.0320  0.0460   0.8025 -0.0000 -0.0000
   0.0510 -0.6200 -0.4850  -0.0380 -0.6842 -0.1594
  -0.0880 -0.4980  0.7470  -0.0380 -0.1594  0.6842
  1.500000 -0.537000  0.000000
  -0.8800 -0.0270 -0.0810  -0.8028  0.0000  0.0000
  -0.0950  0.7700  0.1390   0.0365  0.6854  0.1774
   0.0640  0.1210 -0.8180   0.0365  0.1774 -0.6854
  1.500000 -0.537000  0.000000
   0.8380  0.0350  0.0730   0.8167 -0.0000 -0.0000
  -0.0150 -0.7880 -0.1300   0.0365 -0.6854 -0.1774
  -0.0930 -0.1130  0.8010   0.0365 -0.1774  0.6854
  1.500000 -1.463000  0.000000
  -0.8640 -0.0050 -0.0880  -0.8140  0.0000  0.0000
   0.0250  0.5600  0.2710  -0.0213  0.6942  0.2814
   0.1530  0.2230 -0.5930  -0.0213  0.2814 -0.6942
  1.500000 -1.463000  0.000000
   0.8820 -0.0080  0.0810   0.8059 -0.0000 -0.0000
   0.0140 -0.5630 -0.3170  -0.0213 -0.6942 -0.2814
  -0.0200 -0.3070  0.5960  -0.0213 -0.2814  0.6942
  1.500000 -1.537000  0.000000
  -0.8900  0.0440 -0.0810  -0.8060  0.0000  0.0000
  -0.0370  0.7750  0.3650   0.0205  0.6945  0.2846
   0.0540  0.3820 -0.7860   0.0205  0.2846 -0.6945

===========================================================================
Initial partial-Cost(mupad): Sum(|PObs-PCalc|^2) / Sum(sigma^2) ) / Nobs =         18.
===========================================================================

iset=  2 ori2.pol                                                                                                                        
    Pobs                   Pcalc
 -0.500000  0.463000 -1.000000
  -0.8710 -0.0350 -0.0560  -0.8161  0.0000  0.0000
  -0.0320  0.3090  0.4870  -0.0331  0.4208  0.4178
  -0.0410  0.5010 -0.3300  -0.0331  0.4178 -0.4208
 -0.500000  0.537000 -1.000000
  -0.8740  0.0250 -0.0290  -0.8035  0.0000  0.0000
   0.0210  0.3510  0.4900   0.0331  0.3990  0.4616
   0.0470  0.4930 -0.3790   0.0331  0.4616 -0.3990
 -0.500000  1.463000 -1.000000
  -0.8940 -0.0230 -0.0120  -0.8153  0.0000  0.0000
  -0.0290  0.3390  0.7420  -0.0285  0.2762  0.6725
  -0.0280  0.7700 -0.3330  -0.0285  0.6725 -0.2762
 -0.500000  2.463000 -1.000000
  -0.9050 -0.0410 -0.0480  -0.8146  0.0000  0.0000
  -0.0510  0.3700  0.6730  -0.0247  0.2554  0.7097
  -0.0580  0.7080 -0.4130  -0.0247  0.7097 -0.2554
 -0.500000  2.537000 -1.000000
  -0.8750 -0.0110 -0.0060  -0.8052  0.0000  0.0000
  -0.0140  0.3170  0.7240   0.0245  0.2549  0.7108
   0.0030  0.7400 -0.3540   0.0245  0.7108 -0.2549
 -1.500000  0.537000 -3.000000
  -0.8930  0.0370 -0.0330  -0.8041  0.0000  0.0000
   0.0290  0.4620  0.1730   0.0302  0.5094  0.1713
   0.0500  0.1570 -0.4830   0.0302  0.1713 -0.5094
 -1.500000  2.537000 -3.000000
  -0.9240  0.0130 -0.0020  -0.8037  0.0000  0.0000
   0.0990  0.4010  0.5680   0.0321  0.3318  0.5814
   0.0460  0.6190 -0.3920   0.0321  0.5814 -0.3318
 -0.500000 -0.463000 -1.000000
  -0.8520  0.0160 -0.1140  -0.8077  0.0000  0.0000
   0.1230  0.3660 -0.4950   0.0121  0.4583 -0.4454
   0.0590 -0.4880 -0.3180   0.0121 -0.4454 -0.4583
 -0.500000 -2.463000 -1.000000
  -0.9370 -0.0850 -0.0520  -0.8115  0.0000  0.0000
   0.0000  0.4230 -0.6750  -0.0079  0.2936 -0.6923
   0.1390 -0.6600 -0.4220  -0.0079 -0.6923 -0.2936
 -1.500000 -0.537000 -3.000000
  -0.8490  0.0550 -0.0720  -0.8138  0.0000  0.0000
   0.1240  0.4350 -0.1160  -0.0204  0.5232 -0.2364
   0.0470 -0.1490 -0.4600  -0.0204 -0.2364 -0.5232

===========================================================================
Initial partial-Cost(mupad): Sum(|PObs-PCalc|^2) / Sum(sigma^2) ) / Nobs =         29.
===========================================================================

iset=  3 ori3.pol                                                                                                                        
    Pobs                   Pcalc
  0.500000 -0.463000  1.000000
  -0.8960 -0.0760 -0.0800  -0.8066  0.0000  0.0000
   0.0570 -0.3360 -0.5240   0.0178 -0.2695 -0.4908
  -0.0020 -0.5120  0.3420   0.0178 -0.4908  0.2695
  0.500000 -0.463000  1.000000
   0.8350  0.0340  0.1180   0.8133 -0.0000 -0.0000
  -0.1930  0.2590  0.5380   0.0178  0.2695  0.4908
  -0.1250  0.5480 -0.3300   0.0178  0.4908 -0.2695
  0.500000 -0.463000  2.000000
  -0.8970 -0.0930 -0.0830  -0.8197  0.0000  0.0000
  -0.0120 -0.0470 -0.3830  -0.0538 -0.0433 -0.3719
  -0.0080 -0.3840  0.0370  -0.0538 -0.3719  0.0433
  0.500000 -0.463000  2.000000
   0.8740  0.0680  0.1050   0.7992 -0.0000 -0.0000
  -0.2060 -0.0400  0.3410  -0.0538  0.0433  0.3719
  -0.1810  0.3570 -0.0070  -0.0538  0.3719 -0.0433
  0.500000 -0.463000  4.000000
  -0.9260 -0.0570 -0.0570  -0.8259  0.0000  0.0000
  -0.0220  0.0840 -0.2680  -0.0914  0.1037 -0.2583
  -0.0490 -0.2950 -0.0310  -0.0914 -0.2583 -0.1037
  0.500000 -0.463000  5.000000
  -0.9450 -0.0570 -0.0230  -0.8270  0.0000  0.0000
  -0.0260  0.0760 -0.2330  -0.0984  0.1325 -0.2303
  -0.0970 -0.3520 -0.0550  -0.0984 -0.2303 -0.1325
  0.500000 -0.537000  1.000000
  -0.8750 -0.0800 -0.1000  -0.8167  0.0000  0.0000
   0.1740 -0.2820 -0.5600  -0.0367 -0.2826 -0.5061
   0.1000 -0.5480  0.2740  -0.0367 -0.5061  0.2826
  0.500000 -0.537000  1.000000
   0.8760  0.0570  0.0980   0.8028 -0.0000 -0.0000
  -0.0460  0.2780  0.5770  -0.0367  0.2826  0.5061
   0.0280  0.5750 -0.2750  -0.0367  0.5061 -0.2826
  0.500000 -0.537000  2.000000
  -0.8900 -0.0820 -0.1040  -0.8016  0.0000  0.0000
   0.1340 -0.1010 -0.3320   0.0422 -0.0525 -0.3803
   0.1010 -0.3350  0.1270   0.0422 -0.3803  0.0525
  0.500000 -0.537000  3.000000
  -0.8910 -0.0420 -0.0960  -0.7953  0.0000  0.0000
   0.1230  0.0210 -0.2890   0.0716  0.0526 -0.3021
   0.1390 -0.2960 -0.0290   0.0716 -0.3021 -0.0526
  0.500000 -0.537000  3.000000
   0.9090  0.0590  0.1050   0.8227 -0.0000 -0.0000
   0.0150 -0.0250  0.2950   0.0716 -0.0526  0.3021
   0.0120  0.3040  0.0320   0.0716  0.3021  0.0526
  0.500000 -0.537000  4.000000
  -0.8820 -0.0600 -0.0910  -0.7921  0.0000  0.0000
   0.1490  0.1020 -0.3490   0.0859  0.1062 -0.2536
   0.1620 -0.3520 -0.0540   0.0859 -0.2536 -0.1062
  0.500000 -0.537000  5.000000
  -0.9000 -0.0300 -0.0340  -0.7902  0.0000  0.0000
   0.1190  0.1030 -0.2890   0.0942  0.1375 -0.2216
   0.1260 -0.2760 -0.0740   0.0942 -0.2216 -0.1375
 -0.500000  0.537000  3.000000
  -0.8950 -0.0940 -0.0450  -0.8360  0.0000  0.0000
  -0.1490  0.0460  0.0490  -0.1583  0.2997  0.1634
  -0.1420  0.0430 -0.1240  -0.1583  0.1634 -0.2997

================================================================================
Initial partial Cost(F2mag): Sum(|IObs-Scale*ICalc|^2) / Sum(sigma^2) ) / Nobs =        957.
================================================================================

iset=  4 fe4.int                                                                                                                         
     h      k       l          Imag        sImag      Icalc
  0.5000  0.4630  0.0000      1.0600      0.0980      8.0858
  0.5000  0.5370  0.0000      1.0500      0.1040      0.2476
 -1.5000  1.4630  0.0000      4.5600      0.3700      0.2974
 -1.5000  1.5370  0.0000     41.3600      0.7600      1.1343
  2.5000  0.4630  0.0000     17.5800      0.4580      0.0815
  2.5000  0.5370  0.0000     12.3100      0.4040      2.3531
  3.5000  0.4630  0.0000     28.0700      0.6810      1.5899
  3.5000  0.5370  0.0000     19.9200      0.5840      2.9610
  4.5000  0.4630  0.0000     15.4200      0.6830      3.6752
  4.5000  0.5370  0.0000     17.4400      0.8730      2.2718
  4.5000  1.4630  0.0000     10.6000      0.9320      0.5311
  4.5000  1.5370  0.0000     17.2000      0.9460      0.8365
 -3.5000  2.4630  0.0000      8.4100      0.8760      4.0069
 -3.5000  2.5370  0.0000     15.3200      0.9070      3.9782
  3.5000  1.4630  0.0000      8.6900      0.6640      0.4125
  3.5000  1.5370  0.0000      8.3600      0.6860      1.6644
  2.5000  1.4630  0.0000      6.4600      0.4910      0.2162
  2.5000  1.5370  0.0000      1.3200      0.4530      1.2461
  0.5000  0.4630  1.0000     13.1300      0.3010      0.9660
  0.5000  0.5370  1.0000     24.5300      0.3910      3.4520
  1.5000  0.4630  1.0000     16.8700      0.3950      0.8328
  1.5000  0.5370  1.0000      7.9600      0.3150      0.9550
  2.5000  0.4630  1.0000     13.5000      0.4470      0.6721
  2.5000  0.5370  1.0000      1.6100      0.2720      0.1836
  2.5000  1.4630  1.0000      3.5200      0.4320      0.0356
  2.5000  1.5370  1.0000      0.4400      0.4220      0.0582
  3.5000  0.4630  1.0000      8.3800      0.4770      0.5212
  3.5000  0.5370  1.0000      6.9900      0.4620      2.7371
  3.5000  1.4630  1.0000     30.3000      0.8520      0.0438
  3.5000  1.5370  1.0000      0.8100      0.7290      0.0447
  0.5000  0.4630  2.0000     74.2600      0.7810      1.7821
  0.5000  0.5370  2.0000     26.2900      0.4990      3.1260
  1.5000  0.4630  2.0000     51.3200      0.7400      0.0510
  1.5000  0.5370  2.0000      7.2400      0.3640      1.8307
  2.5000  0.4630  2.0000     14.9400      0.5240      1.4722
  2.5000  0.5370  2.0000      1.0600      0.3360      0.6517
  2.5000  1.4630  2.0000      3.9600      0.7140      0.0068
  2.5000  1.5370  2.0000     16.2400      0.7090      1.1523
  3.5000  0.4630  2.0000      1.2100      0.3890      5.3788
  3.5000  0.5370  2.0000      1.1900      0.3810      0.0723
  3.5000  1.5370  2.0000     46.2500      1.7950      0.1478

     ====================================
     =  SIMULATED ANNEALING CONDITIONS  =
     ====================================

 =>               Cost Function name: General_Cos
 =>              Initial Temperature:   25.000
 =>                 Annealing Factor:    0.900
 =>   Maximum number of Temperatures:   10
 => Corana's variable step algorithm  
 =>  Number of Montecarlo cycles/Temp:   20
 =>   Number of thermalization cycles:    0
 => Number of paralell configurations:        3
 =>   Cost threshold for good configs:  105.000
 => Random Seed selected from system clock 
 =>    Initial random configuration 

     =========================================================
     => SIMULATED ANNEALING MULTI-STATE VECTOR: INITIAL STATE
     =========================================================

   Num           Name     Low_lim    High_Lim  BCond Code    BestConf      Value&Step Conf# 1      Value&Step Conf# 2      Value&Step Conf# 3
     1   MagPh_Fe2        0.00000     1.00000     1     1     0.03600     0.03600     0.20000     0.03600     0.20000     0.03600     0.20000
     2   MagPh_Fe3        0.00000     1.00000     1     1     0.16600     0.16600     0.20000     0.16600     0.20000     0.16600     0.20000
     3   MagPh_Fe4        0.00000     1.00000     1     1     0.21200     0.21200     0.20000     0.21200     0.20000     0.21200     0.20000
     4   MagPh_Fe5        0.00000     1.00000     1     1     0.52700     0.52700     0.20000     0.52700     0.20000     0.52700     0.20000
     5   MagPh_Fe6        0.00000     1.00000     1     1     0.46100     0.46100     0.20000     0.46100     0.20000     0.46100     0.20000
     6   MagPh_Fe7        0.00000     1.00000     1     1     0.73300     0.73300     0.20000     0.73300     0.20000     0.73300     0.20000
     7   MagPh_Fe8        0.00000     1.00000     1     1     0.68300     0.68300     0.20000     0.68300     0.20000     0.68300     0.20000
     8   magdom01         0.00000     1.00000     1     1     0.10000     0.10000     0.01000     0.10000     0.01000     0.10000     0.01000
     9   magdom02         0.00000     1.00000     1     1     0.40000     0.40000     0.01000     0.40000     0.01000     0.40000     0.01000
    10   magdom03         0.00000     1.00000     1     1     0.40000     0.40000     0.01000     0.40000     0.01000     0.40000     0.01000
    11   magdom04         0.00000     1.00000     1     1     0.10000     0.10000     0.01000     0.10000     0.01000     0.10000     0.01000

 ---- MultiConfiguration Simulated Annealing to minimize General Cost Functions ----                                                                                                                                                                            
     Cost-function name:  General_Cos

 => Initial configuration cost( 1):   132.45
 => Initial configuration cost( 2):   134.72
 => Initial configuration cost( 3):   99.895
 => Initial Best configuration state vector:
     1      MagPh_Fe2         0.26316
     2      MagPh_Fe3         0.49441
     3      MagPh_Fe4         0.43405
     4      MagPh_Fe5         0.48089
     5      MagPh_Fe6         0.38145
     6      MagPh_Fe7         0.71545
     7      MagPh_Fe8         0.30931
     8       magdom01         0.51821
     9       magdom02         0.98144
    10       magdom03         0.93224
    11       magdom04         0.93067

  => New Temp: 25.00000  NT:     1       Number of function evaluations:       0
     Conf:   1  (%Acc):  86.364  <Step( 1)>:   1.000  <General_Cos>:  119.4427      -> Current Cost:  122.9446
     Num-Cost-Evaluations:        660
     Conf:   2  (%Acc):  81.364  <Step( 2)>:   1.000  <General_Cos>:  111.8817      -> Current Cost:  118.5041
     Num-Cost-Evaluations:        660
     Conf:   3  (%Acc):  78.636  <Step( 3)>:   1.000  <General_Cos>:  106.9165      -> Current Cost:  100.0187
     Num-Cost-Evaluations:        660

  => New Temp: 22.50000  NT:     2       Number of function evaluations:     660
     Conf:   1  (%Acc):  79.091  <Step( 1)>:   1.000  <General_Cos>:  110.1626      -> Current Cost:  96.52855
     Num-Cost-Evaluations:       1320
     Conf:   2  (%Acc):  82.727  <Step( 2)>:   1.000  <General_Cos>:  113.1346      -> Current Cost:  137.3592
     Num-Cost-Evaluations:       1320
     Conf:   3  (%Acc):  81.818  <Step( 3)>:   1.000  <General_Cos>:  118.5003      -> Current Cost:  103.1787
     Num-Cost-Evaluations:       1320

  => New Temp: 20.25000  NT:     3       Number of function evaluations:    1320
     Conf:   1  (%Acc):  74.091  <Step( 1)>:   1.000  <General_Cos>:  104.4647      -> Current Cost:  118.3328
     Num-Cost-Evaluations:       1980
 => Local Optimization of Configuration #  1   Average Cost:   104.46
 => Configuration #  1 dead, because it has been locally optimized (cost < Threshold). Final cost:    50.07
 => It becomes the best configuration for the moment!
     Conf:   2  (%Acc):  80.455  <Step( 2)>:   1.000  <General_Cos>:  114.4749      -> Current Cost:  77.47093
     Num-Cost-Evaluations:       1980
     Conf:   3  (%Acc):  80.455  <Step( 3)>:   1.000  <General_Cos>:  115.5059      -> Current Cost:  114.5344
     Num-Cost-Evaluations:       1980

  => New Temp: 18.22500  NT:     4       Number of function evaluations:    1980
     Conf:   2  (%Acc):  77.273  <Step( 2)>:   1.000  <General_Cos>:  102.5283      -> Current Cost:  100.4134
     Num-Cost-Evaluations:       2420
 => Local Optimization of Configuration #  2   Average Cost:   102.53
 => Configuration #  2 dead, because it has been locally optimized (cost < Threshold). Final cost:    51.04
     Conf:   3  (%Acc):  80.455  <Step( 3)>:   1.000  <General_Cos>:  111.3916      -> Current Cost:  112.1273
     Num-Cost-Evaluations:       2420

  => New Temp: 16.40250  NT:     5       Number of function evaluations:    2420
     Conf:   3  (%Acc):  77.273  <Step( 3)>:   1.000  <General_Cos>:  108.1916      -> Current Cost:  121.0393
     Num-Cost-Evaluations:       2640

  => New Temp: 14.76225  NT:     6       Number of function evaluations:    2640
     Conf:   3  (%Acc):  75.909  <Step( 3)>:   1.000  <General_Cos>:  103.8445      -> Current Cost:  91.66953
     Num-Cost-Evaluations:       2860
 => Local Optimization of Configuration #  3   Average Cost:   103.84
 => Configuration #  3 dead, because it has been locally optimized (cost < Threshold). Final cost:    61.47
 => Convergence reached, look the list of configurations

      => Best configuration found by Simulated Annealing (Sigma of the last Montecarlo Cycles):


 -> Best Solution Cost (before eventual local optimization) =          50.0656 :: from configuration:  1
 -> Configuration parameters :

     1        MagPh_Fe2         0.10895         0.00000
     2        MagPh_Fe3         0.33875         0.00000
     3        MagPh_Fe4         0.30015         0.00000
     4        MagPh_Fe5         0.20516         0.00000
     5        MagPh_Fe6         0.09085         0.00000
     6        MagPh_Fe7         0.27745         0.00000
     7        MagPh_Fe8         0.28316         0.00000
     8         magdom01         0.34215         0.00000
     9         magdom02         0.71588         0.00000
    10         magdom03         0.87019         0.00000
    11         magdom04         0.59990         0.00000

     =========================================================
     => SIMULATED ANNEALING MULTI-STATE VECTOR: FINAL STATE
     =========================================================

   Num           Name     Low_lim    High_Lim  BCond Code    BestConf      Value&Step Conf# 1      Value&Step Conf# 2      Value&Step Conf# 3
     1   MagPh_Fe2        0.00000     1.00000     1     1     0.10895     0.10895     1.00000     0.10032     1.00000     0.96269     1.00000
     2   MagPh_Fe3        0.00000     1.00000     1     1     0.33875     0.33875     1.00000     0.25487     1.00000     0.85009     1.00000
     3   MagPh_Fe4        0.00000     1.00000     1     1     0.30015     0.30015     1.00000     0.22974     1.00000     0.07016     1.00000
     4   MagPh_Fe5        0.00000     1.00000     1     1     0.20516     0.20516     1.00000     0.01600     1.00000     0.01912     1.00000
     5   MagPh_Fe6        0.00000     1.00000     1     1     0.09085     0.09085     1.00000     0.88229     1.00000     0.25274     1.00000
     6   MagPh_Fe7        0.00000     1.00000     1     1     0.27745     0.27745     1.00000     0.29089     1.00000     0.09342     1.00000
     7   MagPh_Fe8        0.00000     1.00000     1     1     0.28316     0.28316     1.00000     0.27002     1.00000     0.01667     1.00000
     8   magdom01         0.00000     1.00000     1     1     0.34215     0.34215     1.00000     0.45489     1.00000     0.51333     1.00000
     9   magdom02         0.00000     1.00000     1     1     0.71588     0.71588     1.00000     0.73840     1.00000     0.88171     1.00000
    10   magdom03         0.00000     1.00000     1     1     0.87019     0.87019     1.00000     0.87799     1.00000     0.85312     1.00000
    11   magdom04         0.00000     1.00000     1     1     0.59990     0.59990     1.00000     0.71924     1.00000     0.76998     1.00000

  ==> Cost Function values of the different configurations

      Cost# 1:   50.0656      Cost# 2:   51.0426      Cost# 3:   61.4704

=====================================
= Final Cost of minimized functions =
=====================================

 => Cost(F2mag_mupad): Optimization of Sum(|Obs-Scale*Calc|^2) / Sum(sigma^2)) / (Nobs-Npar):     956.7087
Mupad  1: weight   1.00  partial_Cost_NoNpar:      61.2066
Mupad  2: weight   1.00  partial_Cost_NoNpar:      17.7027
Mupad  3: weight   1.00  partial_Cost_NoNpar:      29.4061
F2mag: weight   1.00  partial_Cost_NoNpar:      97.7965
TITLE   Configuration # 3 found by SimAnneal_MultiConf,  cost=       61.47
!  Automatically generated CFL file (Write_SOL_mCFL)
!  
TITLE   FeTe2O5Br
SPGR   P 21/C
CELL  12.9815   6.5745  14.2897  90. 108.30 90.
!    Lab  Scatt       x        y       z      Biso     Occ
ATOM Fe1   FE      0.11843  0.00120  0.9734 0.00000 1.00000
ATOM Fe5   FE      0.93770  0.29530  0.8562 0.00000 1.00000
ATOM Te1   TE     -0.1120  -0.3120  -0.7192 0.00000 1.00000
ATOM Te2   TE     -0.3645   0.4682  -0.6398 0.00000 1.00000
ATOM Te3   TE     -0.2007  -0.0200  -0.5200 0.00000 1.00000
ATOM Te4   TE     -0.2795   0.2879  -0.3581 0.00000 1.00000
ATOM Br1   BR     -0.43231  0.7167  -0.5413 0.00000 1.00000
ATOM Br2   BR     -0.38243  0.6418  -0.2754 0.00000 1.00000
ATOM O1     O      0.0905   0.3018  -0.0525 0.00000 1.00000
ATOM O2     O     -0.0354   0.9884  -0.1025 0.00000 1.00000
ATOM O3     O     -0.2287   0.5897  -0.5931 0.00000 1.00000
ATOM O4     O     -0.2108   0.2287  -0.2258 0.00000 1.00000
ATOM O5     O     -0.1874   0.4826  -0.3785 0.00000 1.00000
ATOM O6     O      0.2106   0.5535  -0.1096 0.00000 1.00000
ATOM O7     O      0.1088   0.7117   0.0203 0.00000 1.00000
ATOM O8     O      0.0140   0.7581  -0.2432 0.00000 1.00000
ATOM O9     O     -0.1021   0.5790  -0.1368 0.00000 1.00000
ATOM O10    O     -0.3323   0.2596  -0.5435 0.00000 1.00000

Mag_Structure
!
lattiCE P
kvect   0.5000000   0.46300   0.0
!spherical !Rm      Rphi  Rtheta
magcent
magdom  u, v, w, 0.01 : 0.1353 0.2832
magdom -u, v,-w, 0.01 : 0.3442 0.2373
magdom  u, v, w, 0.01 : 0.2402 0.1892
magdom -u, v,-w, 0.01 : 0.2893 0.2813
magdom  u, v, w, 0.01 : 0.0410 0.3110
magdom -u, v,-w, 0.01 : 0.1000 0.5480
magdom  u, v, w, 0.01 : 0.5000 0.5000
!
symm  x,y,z
msym  u,v,w, 0.0
matom Fe1 MFE3     0.11843 0.00120  0.97341 0.00000 1.000
skp       1  1   3.910   4.100   2.590  -1.610   1.990  -0.080   0.000
matom Fe2 MFE3    -0.11843 -.00120 -0.97341 0.00000 1.000
skp       1  1   3.910   4.100   2.590  -1.610   1.990  -0.080   0.109
matom Fe3 MFE3    -0.11843 0.50120 -0.47341 0.00000 1.000
skp       1  1   3.910   4.100   2.590  -1.610   1.990  -0.080   0.339
matom Fe4 MFE3     0.11843 0.49880  1.47341 0.00000 1.000
skp       1  1   3.910   4.100   2.590  -1.610   1.990  -0.080   0.300
matom Fe5 MFE3     0.9377   0.2953  0.8562  0.00000 1.000
skp       1  1   3.910   4.100   2.590  -1.610   1.990  -0.080   0.205
matom Fe6 MFE3    -0.9377  -0.2953 -0.8562  0.00000 1.000
skp       1  1   3.910   4.100   2.590  -1.610   1.990  -0.080   0.091
matom Fe7 MFE3    -0.9377   0.7953 -0.3562  0.00000 1.000
skp       1  1   3.910   4.100   2.590  -1.610   1.990  -0.080   0.277
matom Fe8 MFE3     0.9377   0.2047  1.3562  0.00000 1.000
skp       1  1   3.910   4.100   2.590  -1.610   1.990  -0.080   0.283
!
End_Mag_Structure

! Codes for refinement
!vary Rx_Fe1 0 3 0.1 1 Ry_Fe1 0 4 0.2 1 Rz_Fe1 0 5 0.3 1
!vary Rx_Fe5 0 3 0.1 1 Ry_Fe5 0 4 0.2 1 Rz_Fe5 0 5 0.3 1
!vary Rxyz 0 3 0.01 1
!vary Ixyz 0 3 0.01 1
!equal Rx_Fe1 Rx_Fe2 Rx_Fe3 Rx_Fe4 Rx_Fe5 Rx_Fe6 Rx_Fe7 Rx_Fe8
!equal Ry_Fe1 Ry_Fe2 Ry_Fe3 Ry_Fe4 Ry_Fe5 Ry_Fe6 Ry_Fe7 Ry_Fe8
!equal Rz_Fe1 Rz_Fe2 Rz_Fe3 Rz_Fe4 Rz_Fe5 Rz_Fe6 Rz_Fe7 Rz_Fe8
!equal Ix_Fe1 Ix_Fe2 Ix_Fe3 Ix_Fe4 Ix_Fe5 Ix_Fe6 Ix_Fe7 Ix_Fe8
!equal Iy_Fe1 Iy_Fe2 Iy_Fe3 Iy_Fe4 Iy_Fe5 Iy_Fe6 Iy_Fe7 Iy_Fe8
!equal Iz_Fe1 Iz_Fe2 Iz_Fe3 Iz_Fe4 Iz_Fe5 Iz_Fe6 Iz_Fe7 Iz_Fe8
vary MagPh_Fe2 0 1 0.2 1 MagPh_Fe3 0 1 0.2 1 MagPh_Fe4 0 1 0.2 1
vary MagPh_Fe5 0 1 0.2 1 MagPh_Fe6 0 1 0.2 1 MagPh_Fe7 0 1 0.2 1
vary MagPh_Fe8 0 1 0.2 1
!
vary magdom01 magdom02 magdom03 magdom04
!
!cryopad_data ori1.pol magdom01 magdom02 magdom03 magdom04
mupad_data ori1.pol magdom01 magdom02 magdom03 magdom04
mupad_data ori2.pol magdom05 magdom06 magdom07 magdom08
mupad_data ori3.pol magdom09 magdom10 magdom11 magdom12
F2mag_data fe4.int magdom13 magdom14

WAVE  1.912
RADIATION NEUTRONS

!OPTIMIZE mupad
!OPTIMIZE cryopad
!OPTIMIZE F2mag
OPTIMIZE F2mag_mupad

! Simulated Annealing conditions
SIM_ANN

!       Name of the cost function
CostNam  General_Cost

!         T_ini     anneal     num_temps
TemParM    25.0       0.90       10

!         Nalgor  Nconf nm_cycl   num_therm   accept%
Algor_T     0       3   20        0        10.0

!         Value of Seed (if SeedVAL = 0, random seed)
SeedVAL     0
!
Threshold   105.0
!         Treatment of initial configuration
iset=  1 ori1.pol                                                                                                                        
    Pobs                   Pcalc
 -0.500000  1.537000  0.000000
  -0.9450  0.0260  0.0020  -0.8116  0.0000  0.0000
  -0.0090  0.8230 -0.4330  -0.0084  0.6927 -0.3185
  -0.0020 -0.4480 -0.8270  -0.0084 -0.3185 -0.6927
  0.500000 -2.463000  0.000000
  -0.9340  0.0000 -0.0340  -0.8081  0.0000  0.0000
   0.0010  0.8310  0.4700   0.0097  0.6948  0.3215
  -0.0330  0.4460 -0.8350   0.0097  0.3215 -0.6948
  0.500000 -2.537000  0.000000
  -0.8010  0.0120 -0.0030  -0.8118  0.0000  0.0000
  -0.0810  0.4070  0.4930  -0.0097  0.6949  0.3217
  -0.0860  0.5030 -0.5670  -0.0097  0.3217 -0.6949
  1.500000  0.463000  0.000000
  -0.8230  0.0270 -0.0480  -0.8061  0.0000  0.0000
   0.0540  0.6500 -0.5200   0.0200  0.6955 -0.2018
  -0.0120 -0.5300 -0.7090   0.0200 -0.2018 -0.6955
  1.500000  0.537000  0.000000
  -0.9080 -0.0050 -0.0110  -0.8137  0.0000  0.0000
  -0.0810  0.7870 -0.1810  -0.0199  0.6974 -0.2145
  -0.1000 -0.2050 -0.8230  -0.0199 -0.2145 -0.6974
  1.500000 -1.463000  0.000000
  -0.9170  0.0000 -0.0180  -0.8098  0.0000  0.0000
  -0.1320  0.5950  0.2460   0.0011  0.6814  0.2741
  -0.1370  0.2440 -0.6200   0.0011  0.2741 -0.6814
  1.500000 -1.537000  0.000000
  -0.9270  0.0090 -0.0360  -0.8103  0.0000  0.0000
   0.0540  0.8230  0.3830  -0.0016  0.6821  0.2783
   0.0130  0.3380 -0.8430  -0.0016  0.2783 -0.6821
  1.500000  2.463000  0.000000
  -0.8860  0.0360  0.0270  -0.8070  0.0000  0.0000
   0.0220  0.7560 -0.4460   0.0158  0.7040 -0.3070
   0.0230 -0.4680 -0.7760   0.0158 -0.3070 -0.7040
  1.500000  2.537000  0.000000
  -0.8880  0.0370 -0.0110  -0.8129  0.0000  0.0000
  -0.0270  0.7610 -0.4750  -0.0157  0.7039 -0.3078
  -0.0050 -0.4450 -0.7750  -0.0157 -0.3078 -0.7039
  2.500000  0.463000  0.000000
  -0.9210 -0.0010 -0.0320  -0.8061  0.0000  0.0000
   0.0160  0.8030 -0.2930   0.0200  0.6894 -0.1610
   0.0510 -0.3070 -0.8120   0.0200 -0.1610 -0.6894
  2.500000  0.537000  0.000000
  -0.9330  0.0210  0.0020  -0.8137  0.0000  0.0000
  -0.0960  0.7910 -0.3030  -0.0201  0.6910 -0.1721
  -0.0990 -0.3630 -0.8340  -0.0201 -0.1721 -0.6910
  2.500000  1.463000  0.000000
  -0.9140  0.0150 -0.0010  -0.8063  0.0000  0.0000
   0.0700  0.7650 -0.3550   0.0190  0.7027 -0.2550
   0.0920 -0.3940 -0.7550   0.0190 -0.2550 -0.7027
  2.500000  1.537000  0.000000
  -0.7330 -0.0020 -0.0470  -0.8135  0.0000  0.0000
  -0.0960  0.5790 -0.3530  -0.0189  0.7031 -0.2587
  -0.0910 -0.3710 -0.7020  -0.0189 -0.2587 -0.7031
  2.500000  2.537000  0.000000
  -0.8700  0.0030 -0.0050  -0.8132  0.0000  0.0000
  -0.0640  0.7820 -0.3590  -0.0173  0.7048 -0.2894
  -0.0710 -0.3760 -0.7300  -0.0173 -0.2894 -0.7048
  3.500000  0.463000  0.000000
  -0.9300 -0.0000 -0.0290  -0.8062  0.0000  0.0000
   0.0700  0.8190 -0.2290   0.0198  0.6863 -0.1389
   0.0720 -0.2400 -0.8280   0.0198 -0.1389 -0.6863
  3.500000  0.537000  0.000000
  -0.9280 -0.0160  0.0060  -0.8137  0.0000  0.0000
  -0.0850  0.7750 -0.3790  -0.0199  0.6875 -0.1481
  -0.0630 -0.3520 -0.7970  -0.0199 -0.1481 -0.6875
  3.500000  1.463000  0.000000
  -0.9130  0.0430 -0.0440  -0.8062  0.0000  0.0000
   0.0710  0.7560 -0.4480   0.0197  0.6993 -0.2278
   0.0490 -0.4800 -0.7720   0.0197 -0.2278 -0.6993
  3.500000  1.537000  0.000000
  -0.8960  0.0070 -0.0220  -0.8137  0.0000  0.0000
  -0.0940  0.7960 -0.2910  -0.0196  0.6999 -0.2320
  -0.0820 -0.2950 -0.8070  -0.0196 -0.2320 -0.6999
  3.500000  2.463000  0.000000
  -0.8870  0.0150 -0.0280  -0.8064  0.0000  0.0000
   0.0660  0.7630 -0.2590   0.0185  0.7039 -0.2682
   0.0470 -0.2590 -0.7950   0.0185 -0.2682 -0.7039
  3.500000  2.537000  0.000000
  -0.9110 -0.0240 -0.0550  -0.8134  0.0000  0.0000
  -0.1260  0.7560 -0.2540  -0.0184  0.7041 -0.2702
  -0.1070 -0.2790 -0.7810  -0.0184 -0.2702 -0.7041
  4.500000 -0.463000  0.000000
  -0.9100  0.0180  0.0320  -0.8131  0.0000  0.0000
  -0.0660  0.8390  0.2300  -0.0168  0.6737 -0.0099
  -0.1040  0.1870 -0.8410  -0.0168 -0.0099 -0.6737
  4.500000 -0.537000  0.000000
  -0.9330 -0.0270 -0.0150  -0.8068  0.0000  0.0000
   0.0940  0.8410  0.2650   0.0164  0.6731  0.0002
   0.0690  0.2470 -0.8380   0.0164  0.0002 -0.6731
  4.500000 -1.537000  0.000000
  -0.8820  0.0010  0.0150  -0.8080  0.0000  0.0000
   0.0620  0.8440  0.2360   0.0106  0.6708  0.1246
   0.0540  0.2390 -0.8160   0.0106  0.1246 -0.6708
  1.500000 -0.463000  0.000000
  -0.8520  0.0020 -0.0280  -0.8122  0.0000  0.0000
  -0.0020  0.6170  0.4520  -0.0115  0.6706  0.1086
  -0.0030  0.4800 -0.6380  -0.0115  0.1086 -0.6706
  1.500000 -0.463000  0.000000
   0.7630  0.0320  0.0460   0.8078 -0.0000 -0.0000
   0.0510 -0.6200 -0.4850  -0.0115 -0.6706 -0.1086
  -0.0880 -0.4980  0.7470  -0.0115 -0.1086  0.6706
  1.500000 -0.537000  0.000000
  -0.8800 -0.0270 -0.0810  -0.8081  0.0000  0.0000
  -0.0950  0.7700  0.1390   0.0101  0.6709  0.1323
   0.0640  0.1210 -0.8180   0.0101  0.1323 -0.6709
  1.500000 -0.537000  0.000000
   0.8380  0.0350  0.0730   0.8119 -0.0000 -0.0000
  -0.0150 -0.7880 -0.1300   0.0101 -0.6709 -0.1323
  -0.0930 -0.1130  0.8010   0.0101 -0.1323  0.6709
  1.500000 -1.463000  0.000000
  -0.8640 -0.0050 -0.0880  -0.8098  0.0000  0.0000
   0.0250  0.5600  0.2710   0.0011  0.6814  0.2741
   0.1530  0.2230 -0.5930   0.0011  0.2741 -0.6814
  1.500000 -1.463000  0.000000
   0.8820 -0.0080  0.0810   0.8102 -0.0000 -0.0000
   0.0140 -0.5630 -0.3170   0.0011 -0.6814 -0.2741
  -0.0200 -0.3070  0.5960   0.0011 -0.2741  0.6814
  1.500000 -1.537000  0.000000
  -0.8900  0.0440 -0.0810  -0.8103  0.0000  0.0000
  -0.0370  0.7750  0.3650  -0.0016  0.6821  0.2783
   0.0540  0.3820 -0.7860  -0.0016  0.2783 -0.6821
iset=  2 ori2.pol                                                                                                                        
    Pobs                   Pcalc
 -0.500000  0.463000 -1.000000
  -0.8710 -0.0350 -0.0560  -0.8161  0.0000  0.0000
  -0.0320  0.3090  0.4870  -0.0331  0.4208  0.4178
  -0.0410  0.5010 -0.3300  -0.0331  0.4178 -0.4208
 -0.500000  0.537000 -1.000000
  -0.8740  0.0250 -0.0290  -0.8035  0.0000  0.0000
   0.0210  0.3510  0.4900   0.0331  0.3990  0.4616
   0.0470  0.4930 -0.3790   0.0331  0.4616 -0.3990
 -0.500000  1.463000 -1.000000
  -0.8940 -0.0230 -0.0120  -0.8153  0.0000  0.0000
  -0.0290  0.3390  0.7420  -0.0285  0.2762  0.6725
  -0.0280  0.7700 -0.3330  -0.0285  0.6725 -0.2762
 -0.500000  2.463000 -1.000000
  -0.9050 -0.0410 -0.0480  -0.8146  0.0000  0.0000
  -0.0510  0.3700  0.6730  -0.0247  0.2554  0.7097
  -0.0580  0.7080 -0.4130  -0.0247  0.7097 -0.2554
 -0.500000  2.537000 -1.000000
  -0.8750 -0.0110 -0.0060  -0.8052  0.0000  0.0000
  -0.0140  0.3170  0.7240   0.0245  0.2549  0.7108
   0.0030  0.7400 -0.3540   0.0245  0.7108 -0.2549
 -1.500000  0.537000 -3.000000
  -0.8930  0.0370 -0.0330  -0.8041  0.0000  0.0000
   0.0290  0.4620  0.1730   0.0302  0.5094  0.1713
   0.0500  0.1570 -0.4830   0.0302  0.1713 -0.5094
 -1.500000  2.537000 -3.000000
  -0.9240  0.0130 -0.0020  -0.8037  0.0000  0.0000
   0.0990  0.4010  0.5680   0.0321  0.3318  0.5814
   0.0460  0.6190 -0.3920   0.0321  0.5814 -0.3318
 -0.500000 -0.463000 -1.000000
  -0.8520  0.0160 -0.1140  -0.8077  0.0000  0.0000
   0.1230  0.3660 -0.4950   0.0121  0.4583 -0.4454
   0.0590 -0.4880 -0.3180   0.0121 -0.4454 -0.4583
 -0.500000 -2.463000 -1.000000
  -0.9370 -0.0850 -0.0520  -0.8115  0.0000  0.0000
   0.0000  0.4230 -0.6750  -0.0079  0.2936 -0.6923
   0.1390 -0.6600 -0.4220  -0.0079 -0.6923 -0.2936
 -1.500000 -0.537000 -3.000000
  -0.8490  0.0550 -0.0720  -0.8138  0.0000  0.0000
   0.1240  0.4350 -0.1160  -0.0204  0.5232 -0.2364
   0.0470 -0.1490 -0.4600  -0.0204 -0.2364 -0.5232
iset=  3 ori3.pol                                                                                                                        
    Pobs                   Pcalc
  0.500000 -0.463000  1.000000
  -0.8960 -0.0760 -0.0800  -0.8066  0.0000  0.0000
   0.0570 -0.3360 -0.5240   0.0178 -0.2695 -0.4908
  -0.0020 -0.5120  0.3420   0.0178 -0.4908  0.2695
  0.500000 -0.463000  1.000000
   0.8350  0.0340  0.1180   0.8133 -0.0000 -0.0000
  -0.1930  0.2590  0.5380   0.0178  0.2695  0.4908
  -0.1250  0.5480 -0.3300   0.0178  0.4908 -0.2695
  0.500000 -0.463000  2.000000
  -0.8970 -0.0930 -0.0830  -0.8197  0.0000  0.0000
  -0.0120 -0.0470 -0.3830  -0.0538 -0.0433 -0.3719
  -0.0080 -0.3840  0.0370  -0.0538 -0.3719  0.0433
  0.500000 -0.463000  2.000000
   0.8740  0.0680  0.1050   0.7992 -0.0000 -0.0000
  -0.2060 -0.0400  0.3410  -0.0538  0.0433  0.3719
  -0.1810  0.3570 -0.0070  -0.0538  0.3719 -0.0433
  0.500000 -0.463000  4.000000
  -0.9260 -0.0570 -0.0570  -0.8259  0.0000  0.0000
  -0.0220  0.0840 -0.2680  -0.0914  0.1037 -0.2583
  -0.0490 -0.2950 -0.0310  -0.0914 -0.2583 -0.1037
  0.500000 -0.463000  5.000000
  -0.9450 -0.0570 -0.0230  -0.8270  0.0000  0.0000
  -0.0260  0.0760 -0.2330  -0.0984  0.1325 -0.2303
  -0.0970 -0.3520 -0.0550  -0.0984 -0.2303 -0.1325
  0.500000 -0.537000  1.000000
  -0.8750 -0.0800 -0.1000  -0.8167  0.0000  0.0000
   0.1740 -0.2820 -0.5600  -0.0367 -0.2826 -0.5061
   0.1000 -0.5480  0.2740  -0.0367 -0.5061  0.2826
  0.500000 -0.537000  1.000000
   0.8760  0.0570  0.0980   0.8028 -0.0000 -0.0000
  -0.0460  0.2780  0.5770  -0.0367  0.2826  0.5061
   0.0280  0.5750 -0.2750  -0.0367  0.5061 -0.2826
  0.500000 -0.537000  2.000000
  -0.8900 -0.0820 -0.1040  -0.8016  0.0000  0.0000
   0.1340 -0.1010 -0.3320   0.0422 -0.0525 -0.3803
   0.1010 -0.3350  0.1270   0.0422 -0.3803  0.0525
  0.500000 -0.537000  3.000000
  -0.8910 -0.0420 -0.0960  -0.7953  0.0000  0.0000
   0.1230  0.0210 -0.2890   0.0716  0.0526 -0.3021
   0.1390 -0.2960 -0.0290   0.0716 -0.3021 -0.0526
  0.500000 -0.537000  3.000000
   0.9090  0.0590  0.1050   0.8227 -0.0000 -0.0000
   0.0150 -0.0250  0.2950   0.0716 -0.0526  0.3021
   0.0120  0.3040  0.0320   0.0716  0.3021  0.0526
  0.500000 -0.537000  4.000000
  -0.8820 -0.0600 -0.0910  -0.7921  0.0000  0.0000
   0.1490  0.1020 -0.3490   0.0859  0.1062 -0.2536
   0.1620 -0.3520 -0.0540   0.0859 -0.2536 -0.1062
  0.500000 -0.537000  5.000000
  -0.9000 -0.0300 -0.0340  -0.7902  0.0000  0.0000
   0.1190  0.1030 -0.2890   0.0942  0.1375 -0.2216
   0.1260 -0.2760 -0.0740   0.0942 -0.2216 -0.1375
 -0.500000  0.537000  3.000000
  -0.8950 -0.0940 -0.0450  -0.8360  0.0000  0.0000
  -0.1490  0.0460  0.0490  -0.1583  0.2997  0.1634
  -0.1420  0.0430 -0.1240  -0.1583  0.1634 -0.2997
iset=  4 fe4.int                                                                                                                         
     h      k       l          Imag        sImag      Icalc
  0.5000  0.4630  0.0000      1.0600      0.0980      1.3839
  0.5000  0.5370  0.0000      1.0500      0.1040      1.3584
 -1.5000  1.4630  0.0000      4.5600      0.3700      7.6682
 -1.5000  1.5370  0.0000     41.3600      0.7600     55.5978
  2.5000  0.4630  0.0000     17.5800      0.4580     17.2164
  2.5000  0.5370  0.0000     12.3100      0.4040      7.2551
  3.5000  0.4630  0.0000     28.0700      0.6810     24.6673
  3.5000  0.5370  0.0000     19.9200      0.5840     13.8280
  4.5000  0.4630  0.0000     15.4200      0.6830      9.2115
  4.5000  0.5370  0.0000     17.4400      0.8730     17.3772
  4.5000  1.4630  0.0000     10.6000      0.9320      2.2279
  4.5000  1.5370  0.0000     17.2000      0.9460     11.0853
 -3.5000  2.4630  0.0000      8.4100      0.8760     15.0438
 -3.5000  2.5370  0.0000     15.3200      0.9070     35.6044
  3.5000  1.4630  0.0000      8.6900      0.6640      4.0951
  3.5000  1.5370  0.0000      8.3600      0.6860      1.5339
  2.5000  1.4630  0.0000      6.4600      0.4910      5.2758
  2.5000  1.5370  0.0000      1.3200      0.4530      5.1623
  0.5000  0.4630  1.0000     13.1300      0.3010     10.8626
  0.5000  0.5370  1.0000     24.5300      0.3910     16.0480
  1.5000  0.4630  1.0000     16.8700      0.3950     12.6487
  1.5000  0.5370  1.0000      7.9600      0.3150     12.7120
  2.5000  0.4630  1.0000     13.5000      0.4470     11.2234
  2.5000  0.5370  1.0000      1.6100      0.2720      2.8845
  2.5000  1.4630  1.0000      3.5200      0.4320      5.5431
  2.5000  1.5370  1.0000      0.4400      0.4220      0.0477
  3.5000  0.4630  1.0000      8.3800      0.4770      6.3262
  3.5000  0.5370  1.0000      6.9900      0.4620      4.2338
  3.5000  1.4630  1.0000     30.3000      0.8520     23.4017
  3.5000  1.5370  1.0000      0.8100      0.7290      0.1071
  0.5000  0.4630  2.0000     74.2600      0.7810     74.4350
  0.5000  0.5370  2.0000     26.2900      0.4990     27.6655
  1.5000  0.4630  2.0000     51.3200      0.7400     40.7919
  1.5000  0.5370  2.0000      7.2400      0.3640     12.5799
  2.5000  0.4630  2.0000     14.9400      0.5240      8.0844
  2.5000  0.5370  2.0000      1.0600      0.3360      3.3475
  2.5000  1.4630  2.0000      3.9600      0.7140      0.9724
  2.5000  1.5370  2.0000     16.2400      0.7090      3.2573
  3.5000  0.4630  2.0000      1.2100      0.3890      0.8987
  3.5000  0.5370  2.0000      1.1900      0.3810      0.5204
  3.5000  1.5370  2.0000     46.2500      1.7950     19.0036

  CPU-Time:     268.50 seconds
