This is pdfTeX, Version 3.1415926-2.5-1.40.14 (MiKTeX 2.9) (preloaded format=pdflatex 2014.11.3)  20 MAY 2015 17:57
entering extended mode
**FAULTS_manual.tex
(C:\CrysFML\Program_Examples\Faults\Help\Manual_latex-files\FAULTS_manual.tex
LaTeX2e <2011/06/27>
Babel <v3.8m> and hyphenation patterns for english, afrikaans, ancientgreek, arabic, armenian, assamese, basque, bengali
, bokmal, bulgarian, catalan, coptic, croatian, czech, danish, dutch, esperanto, estonian, farsi, finnish, french, galic
ian, german, german-x-2013-05-26, greek, gujarati, hindi, hungarian, icelandic, indonesian, interlingua, irish, italian,
 kannada, kurmanji, latin, latvian, lithuanian, malayalam, marathi, mongolian, mongolianlmc, monogreek, ngerman, ngerman
-x-2013-05-26, nynorsk, oriya, panjabi, pinyin, polish, portuguese, romanian, russian, sanskrit, serbian, slovak, sloven
ian, spanish, swedish, swissgerman, tamil, telugu, turkish, turkmen, ukenglish, ukrainian, uppersorbian, usenglishmax, w
elsh, loaded.
("C:\Program Files\MiKTeX 2.9\tex\latex\base\report.cls"
Document Class: report 2007/10/19 v1.4h Standard LaTeX document class
("C:\Program Files\MiKTeX 2.9\tex\latex\base\size11.clo"
File: size11.clo 2007/10/19 v1.4h Standard LaTeX file (size option)
)
\c@part=\count79
\c@chapter=\count80
\c@section=\count81
\c@subsection=\count82
\c@subsubsection=\count83
\c@paragraph=\count84
\c@subparagraph=\count85
\c@figure=\count86
\c@table=\count87
\abovecaptionskip=\skip41
\belowcaptionskip=\skip42
\bibindent=\dimen102
) ("C:\Program Files\MiKTeX 2.9\tex\latex\url\url.sty"
\Urlmuskip=\muskip10
Package: url 2013/09/16  ver 3.4  Verb mode for urls, etc.
)
("C:\Program Files\MiKTeX 2.9\tex\latex\graphics\graphicx.sty"
Package: graphicx 1999/02/16 v1.0f Enhanced LaTeX Graphics (DPC,SPQR)

("C:\Program Files\MiKTeX 2.9\tex\latex\graphics\keyval.sty"
Package: keyval 1999/03/16 v1.13 key=value parser (DPC)
\KV@toks@=\toks14
)
("C:\Program Files\MiKTeX 2.9\tex\latex\graphics\graphics.sty"
Package: graphics 2009/02/05 v1.0o Standard LaTeX Graphics (DPC,SPQR)
 ("C:\Program Files\MiKTeX 2.9\tex\latex\graphics\trig.sty"
Package: trig 1999/03/16 v1.09 sin cos tan (DPC)
) ("C:\Program Files\MiKTeX 2.9\tex\latex\00miktex\graphics.cfg"
File: graphics.cfg 2007/01/18 v1.5 graphics configuration of teTeX/TeXLive
)
Package graphics Info: Driver file: pdftex.def on input line 91.

("C:\Program Files\MiKTeX 2.9\tex\latex\pdftex-def\pdftex.def"
File: pdftex.def 2011/05/27 v0.06d Graphics/color for pdfTeX

("C:\Program Files\MiKTeX 2.9\tex\generic\oberdiek\infwarerr.sty"
Package: infwarerr 2010/04/08 v1.3 Providing info/warning/error messages (HO)
)
("C:\Program Files\MiKTeX 2.9\tex\generic\oberdiek\ltxcmds.sty"
Package: ltxcmds 2011/11/09 v1.22 LaTeX kernel commands for general use (HO)
)
\Gread@gobject=\count88
))
\Gin@req@height=\dimen103
\Gin@req@width=\dimen104
)
("C:\Program Files\MiKTeX 2.9\tex\latex\amsfonts\amssymb.sty"
Package: amssymb 2013/01/14 v3.01 AMS font symbols

("C:\Program Files\MiKTeX 2.9\tex\latex\amsfonts\amsfonts.sty"
Package: amsfonts 2013/01/14 v3.01 Basic AMSFonts support
\@emptytoks=\toks15
\symAMSa=\mathgroup4
\symAMSb=\mathgroup5
LaTeX Font Info:    Overwriting math alphabet `\mathfrak' in version `bold'
(Font)                  U/euf/m/n --> U/euf/b/n on input line 106.
))
("C:\Program Files\MiKTeX 2.9\tex\latex\rotating\rotating.sty"
Package: rotating 2009/03/28 v2.16a rotated objects in LaTeX
 ("C:\Program Files\MiKTeX 2.9\tex\latex\base\ifthen.sty"
Package: ifthen 2001/05/26 v1.1c Standard LaTeX ifthen package (DPC)
)
\c@r@tfl@t=\count89
\rotFPtop=\skip43
\rotFPbot=\skip44
\rot@float@box=\box26
\rot@mess@toks=\toks16
) ("C:\Program Files\MiKTeX 2.9\tex\latex\hyperref\hyperref.sty"
Package: hyperref 2012/11/06 v6.83m Hypertext links for LaTeX

("C:\Program Files\MiKTeX 2.9\tex\generic\oberdiek\hobsub-hyperref.sty"
Package: hobsub-hyperref 2012/04/25 v1.12 Bundle oberdiek, subset hyperref (HO)

("C:\Program Files\MiKTeX 2.9\tex\generic\oberdiek\hobsub-generic.sty"
Package: hobsub-generic 2012/04/25 v1.12 Bundle oberdiek, subset generic (HO)
Package: hobsub 2012/04/25 v1.12 Construct package bundles (HO)
Package hobsub Info: Skipping package `infwarerr' (already loaded).
Package hobsub Info: Skipping package `ltxcmds' (already loaded).
Package: ifluatex 2010/03/01 v1.3 Provides the ifluatex switch (HO)
Package ifluatex Info: LuaTeX not detected.
Package: ifvtex 2010/03/01 v1.5 Detect VTeX and its facilities (HO)
Package ifvtex Info: VTeX not detected.
Package: intcalc 2007/09/27 v1.1 Expandable calculations with integers (HO)
Package: ifpdf 2011/01/30 v2.3 Provides the ifpdf switch (HO)
Package ifpdf Info: pdfTeX in PDF mode is detected.
Package: etexcmds 2011/02/16 v1.5 Avoid name clashes with e-TeX commands (HO)
Package etexcmds Info: Could not find \expanded.
(etexcmds)             That can mean that you are not using pdfTeX 1.50 or
(etexcmds)             that some package has redefined \expanded.
(etexcmds)             In the latter case, load this package earlier.
Package: kvsetkeys 2012/04/25 v1.16 Key value parser (HO)
Package: kvdefinekeys 2011/04/07 v1.3 Define keys (HO)
Package: pdftexcmds 2011/11/29 v0.20 Utility functions of pdfTeX for LuaTeX (HO)
Package pdftexcmds Info: LuaTeX not detected.
Package pdftexcmds Info: \pdf@primitive is available.
Package pdftexcmds Info: \pdf@ifprimitive is available.
Package pdftexcmds Info: \pdfdraftmode found.
Package: pdfescape 2011/11/25 v1.13 Implements pdfTeX's escape features (HO)
Package: bigintcalc 2012/04/08 v1.3 Expandable calculations on big integers (HO)
Package: bitset 2011/01/30 v1.1 Handle bit-vector datatype (HO)
Package: uniquecounter 2011/01/30 v1.2 Provide unlimited unique counter (HO)
)
Package hobsub Info: Skipping package `hobsub' (already loaded).
Package: letltxmacro 2010/09/02 v1.4 Let assignment for LaTeX macros (HO)
Package: hopatch 2011/06/24 v1.1 Wrapper for package hooks (HO)
Package: xcolor-patch 2011/01/30 xcolor patch
Package: atveryend 2011/06/30 v1.8 Hooks at the very end of document (HO)
Package atveryend Info: \enddocument detected (standard20110627).
Package: atbegshi 2011/10/05 v1.16 At begin shipout hook (HO)
Package: refcount 2011/10/16 v3.4 Data extraction from label references (HO)
Package: hycolor 2011/01/30 v1.7 Color options for hyperref/bookmark (HO)
)
("C:\Program Files\MiKTeX 2.9\tex\generic\ifxetex\ifxetex.sty"
Package: ifxetex 2010/09/12 v0.6 Provides ifxetex conditional
)
("C:\Program Files\MiKTeX 2.9\tex\latex\oberdiek\auxhook.sty"
Package: auxhook 2011/03/04 v1.3 Hooks for auxiliary files (HO)
)
("C:\Program Files\MiKTeX 2.9\tex\latex\oberdiek\kvoptions.sty"
Package: kvoptions 2011/06/30 v3.11 Key value format for package options (HO)
)
\@linkdim=\dimen105
\Hy@linkcounter=\count90
\Hy@pagecounter=\count91

("C:\Program Files\MiKTeX 2.9\tex\latex\hyperref\pd1enc.def"
File: pd1enc.def 2012/11/06 v6.83m Hyperref: PDFDocEncoding definition (HO)
)
\Hy@SavedSpaceFactor=\count92

("C:\Program Files\MiKTeX 2.9\tex\latex\00miktex\hyperref.cfg"
File: hyperref.cfg 2002/06/06 v1.2 hyperref configuration of TeXLive
)
Package hyperref Info: Hyper figures OFF on input line 4443.
Package hyperref Info: Link nesting OFF on input line 4448.
Package hyperref Info: Hyper index ON on input line 4451.
Package hyperref Info: Plain pages OFF on input line 4458.
Package hyperref Info: Backreferencing OFF on input line 4463.
Package hyperref Info: Implicit mode ON; LaTeX internals redefined.
Package hyperref Info: Bookmarks ON on input line 4688.
\c@Hy@tempcnt=\count93
LaTeX Info: Redefining \url on input line 5041.
\XeTeXLinkMargin=\dimen106
\Fld@menulength=\count94
\Field@Width=\dimen107
\Fld@charsize=\dimen108
Package hyperref Info: Hyper figures OFF on input line 6295.
Package hyperref Info: Link nesting OFF on input line 6300.
Package hyperref Info: Hyper index ON on input line 6303.
Package hyperref Info: backreferencing OFF on input line 6310.
Package hyperref Info: Link coloring OFF on input line 6315.
Package hyperref Info: Link coloring with OCG OFF on input line 6320.
Package hyperref Info: PDF/A mode OFF on input line 6325.
LaTeX Info: Redefining \ref on input line 6365.
LaTeX Info: Redefining \pageref on input line 6369.
\Hy@abspage=\count95
\c@Item=\count96
\c@Hfootnote=\count97
)

Package hyperref Message: Driver: hpdftex.

("C:\Program Files\MiKTeX 2.9\tex\latex\hyperref\hpdftex.def"
File: hpdftex.def 2012/11/06 v6.83m Hyperref driver for pdfTeX
\Fld@listcount=\count98
\c@bookmark@seq@number=\count99

("C:\Program Files\MiKTeX 2.9\tex\latex\oberdiek\rerunfilecheck.sty"
Package: rerunfilecheck 2011/04/15 v1.7 Rerun checks for auxiliary files (HO)
Package uniquecounter Info: New unique counter `rerunfilecheck' on input line 282.
)
\Hy@SectionHShift=\skip45
)
("C:\Program Files\MiKTeX 2.9\tex\latex\graphics\color.sty"
Package: color 2005/11/14 v1.0j Standard LaTeX Color (DPC)
 ("C:\Program Files\MiKTeX 2.9\tex\latex\00miktex\color.cfg"
File: color.cfg 2007/01/18 v1.5 color configuration of teTeX/TeXLive
)
Package color Info: Driver file: pdftex.def on input line 130.
) ("C:\Program Files\MiKTeX 2.9\tex\latex\amsmath\amscd.sty"
Package: amscd 1999/11/29 v2.0
 ("C:\Program Files\MiKTeX 2.9\tex\latex\amsmath\amsgen.sty"
File: amsgen.sty 1999/11/30 v2.0
\@emptytoks=\toks17
\ex@=\dimen109
)
\athelp@=\toks18
\minaw@=\dimen110
\bigaw@=\dimen111
\minCDarrowwidth=\dimen112
) ("C:\Program Files\MiKTeX 2.9\tex\latex\amsmath\amsmath.sty"
Package: amsmath 2013/01/14 v2.14 AMS math features
\@mathmargin=\skip46

For additional information on amsmath, use the `?' option.
("C:\Program Files\MiKTeX 2.9\tex\latex\amsmath\amstext.sty"
Package: amstext 2000/06/29 v2.01
) ("C:\Program Files\MiKTeX 2.9\tex\latex\amsmath\amsbsy.sty"
Package: amsbsy 1999/11/29 v1.2d
\pmbraise@=\dimen113
) ("C:\Program Files\MiKTeX 2.9\tex\latex\amsmath\amsopn.sty"
Package: amsopn 1999/12/14 v2.01 operator names
)
\inf@bad=\count100
LaTeX Info: Redefining \frac on input line 210.
\uproot@=\count101
\leftroot@=\count102
LaTeX Info: Redefining \overline on input line 306.
\classnum@=\count103
\DOTSCASE@=\count104
LaTeX Info: Redefining \ldots on input line 378.
LaTeX Info: Redefining \dots on input line 381.
LaTeX Info: Redefining \cdots on input line 466.
\Mathstrutbox@=\box27
\strutbox@=\box28
\big@size=\dimen114
LaTeX Font Info:    Redeclaring font encoding OML on input line 566.
LaTeX Font Info:    Redeclaring font encoding OMS on input line 567.
\macc@depth=\count105
\c@MaxMatrixCols=\count106
\dotsspace@=\muskip11
\c@parentequation=\count107
\dspbrk@lvl=\count108
\tag@help=\toks19
\row@=\count109
\column@=\count110
\maxfields@=\count111
\andhelp@=\toks20
\eqnshift@=\dimen115
\alignsep@=\dimen116
\tagshift@=\dimen117
\tagwidth@=\dimen118
\totwidth@=\dimen119
\lineht@=\dimen120
\@envbody=\toks21
\multlinegap=\skip47
\multlinetaggap=\skip48
\mathdisplay@stack=\toks22
LaTeX Info: Redefining \[ on input line 2665.
LaTeX Info: Redefining \] on input line 2666.
) ("C:\Program Files\MiKTeX 2.9\tex\generic\xypic\xy.sty" ("C:\Program Files\MiKTeX 2.9\tex\generic\xypic\xy.tex" Bootst
rap'ing: catcodes, docmode,
("C:\Program Files\MiKTeX 2.9\tex\generic\xypic\xyrecat.tex")
("C:\Program Files\MiKTeX 2.9\tex\generic\xypic\xyidioms.tex")

 Xy-pic version 3.8.9 <2013/10/06>
 Copyright (c) 1991-2013 by Kristoffer H. Rose <krisrose@tug.org> and others
 Xy-pic is free software: see the User's Guide for details.

Loading kernel: messages; fonts; allocations: state,
\X@c=\dimen121
\Y@c=\dimen122
\U@c=\dimen123
\D@c=\dimen124
\L@c=\dimen125
\R@c=\dimen126
\Edge@c=\toks23
\X@p=\dimen127
\Y@p=\dimen128
\U@p=\dimen129
\D@p=\dimen130
\L@p=\dimen131
\R@p=\dimen132
\Edge@p=\toks24
\X@origin=\dimen133
\Y@origin=\dimen134
\X@xbase=\dimen135
\Y@xbase=\dimen136
\X@ybase=\dimen137
\Y@ybase=\dimen138
\X@min=\dimen139
\Y@min=\dimen140
\X@max=\dimen141
\Y@max=\dimen142
\lastobjectbox@=\box29
\zerodotbox@=\box30
\almostz@=\dimen143
 direction,
\d@X=\dimen144
\d@Y=\dimen145
\K@=\count112
\KK@=\count113
\Direction=\count114
\K@dXdY=\dimen146
\K@dYdX=\dimen147
\xyread@=\read1
\xywrite@=\write3
\csp@=\count115
\quotPTK@=\dimen148
 utility macros; pictures: \xy, positions,
\swaptoks@@=\toks25
\connectobjectbox@@=\box31
 objects,
\styletoks@=\toks26

decorations; kernel objects: directionals, circles, text; options; algorithms: directions, edges, connections;
 Xy-pic loaded)
Package: xy 2013/10/06 Xy-pic version 3.8.9
 ("C:\Program Files\MiKTeX 2.9\tex\generic\xypic\xypdf.tex"  Xy-pic option: PDF driver v.1.7 loaded))
("C:\Program Files\MiKTeX 2.9\tex\latex\geometry\geometry.sty"
Package: geometry 2010/09/12 v5.6 Page Geometry
\Gm@cnth=\count116
\Gm@cntv=\count117
\c@Gm@tempcnt=\count118
\Gm@bindingoffset=\dimen149
\Gm@wd@mp=\dimen150
\Gm@odd@mp=\dimen151
\Gm@even@mp=\dimen152
\Gm@layoutwidth=\dimen153
\Gm@layoutheight=\dimen154
\Gm@layouthoffset=\dimen155
\Gm@layoutvoffset=\dimen156
\Gm@dimlist=\toks27

("C:\Program Files\MiKTeX 2.9\tex\latex\geometry\geometry.cfg")) ("C:\Program Files\MiKTeX 2.9\tex\latex\tools\array.sty
"
Package: array 2008/09/09 v2.4c Tabular extension package (FMi)
\col@sep=\dimen157
\extrarowheight=\dimen158
\NC@list=\toks28
\extratabsurround=\skip49
\backup@length=\skip50
) ("C:\Program Files\MiKTeX 2.9\tex\latex\tools\bm.sty"
Package: bm 2004/02/26 v1.1c Bold Symbol Support (DPC/FMi)
\symboldoperators=\mathgroup6
\symboldletters=\mathgroup7
\symboldsymbols=\mathgroup8
LaTeX Font Info:    Redeclaring math alphabet \mathbf on input line 138.
LaTeX Info: Redefining \bm on input line 204.
) ("C:\Program Files\MiKTeX 2.9\tex\latex\eepic\eepic.sty"
Extension to Epic and LaTeX. Version 1.1e - Released Dec 21, 1999
\@gphlinewidth=\count119
\@eepictcnt=\count120
\@tempdimc=\dimen159
\maxovaldiam=\dimen160
\@filltype=\box32
)
Package hyperref Info: Option `colorlinks' set `true' on input line 28.
 (C:\CrysFML\Program_Examples\Faults\Help\Manual_latex-files\FAULTS_manual.aux
(C:\CrysFML\Program_Examples\Faults\Help\Manual_latex-files\chapter1.aux)
(C:\CrysFML\Program_Examples\Faults\Help\Manual_latex-files\chapter2.aux)
(C:\CrysFML\Program_Examples\Faults\Help\Manual_latex-files\bibliography.aux))
LaTeX Font Info:    Checking defaults for OML/cmm/m/it on input line 34.
LaTeX Font Info:    ... okay on input line 34.
LaTeX Font Info:    Checking defaults for T1/cmr/m/n on input line 34.
LaTeX Font Info:    ... okay on input line 34.
LaTeX Font Info:    Checking defaults for OT1/cmr/m/n on input line 34.
LaTeX Font Info:    ... okay on input line 34.
LaTeX Font Info:    Checking defaults for OMS/cmsy/m/n on input line 34.
LaTeX Font Info:    ... okay on input line 34.
LaTeX Font Info:    Checking defaults for OMX/cmex/m/n on input line 34.
LaTeX Font Info:    ... okay on input line 34.
LaTeX Font Info:    Checking defaults for U/cmr/m/n on input line 34.
LaTeX Font Info:    ... okay on input line 34.
LaTeX Font Info:    Checking defaults for PD1/pdf/m/n on input line 34.
LaTeX Font Info:    ... okay on input line 34.

("C:\Program Files\MiKTeX 2.9\tex\context\base\supp-pdf.mkii"
[Loading MPS to PDF converter (version 2006.09.02).]
\scratchcounter=\count121
\scratchdimen=\dimen161
\scratchbox=\box33
\nofMPsegments=\count122
\nofMParguments=\count123
\everyMPshowfont=\toks29
\MPscratchCnt=\count124
\MPscratchDim=\dimen162
\MPnumerator=\count125
\makeMPintoPDFobject=\count126
\everyMPtoPDFconversion=\toks30
)
\AtBeginShipoutBox=\box34
Package hyperref Info: Link coloring ON on input line 34.
 ("C:\Program Files\MiKTeX 2.9\tex\latex\hyperref\nameref.sty"
Package: nameref 2012/10/27 v2.43 Cross-referencing by name of section

("C:\Program Files\MiKTeX 2.9\tex\generic\oberdiek\gettitlestring.sty"
Package: gettitlestring 2010/12/03 v1.4 Cleanup title references (HO)
)
\c@section@level=\count127
)
LaTeX Info: Redefining \ref on input line 34.
LaTeX Info: Redefining \pageref on input line 34.
LaTeX Info: Redefining \nameref on input line 34.

(C:\CrysFML\Program_Examples\Faults\Help\Manual_latex-files\FAULTS_manual.out)
(C:\CrysFML\Program_Examples\Faults\Help\Manual_latex-files\FAULTS_manual.out)
\@outlinefile=\write4
LaTeX Font Info:    Try loading font information for U+msa on input line 34.

("C:\Program Files\MiKTeX 2.9\tex\latex\amsfonts\umsa.fd"
File: umsa.fd 2013/01/14 v3.01 AMS symbols A
)
LaTeX Font Info:    Try loading font information for U+msb on input line 34.
 ("C:\Program Files\MiKTeX 2.9\tex\latex\amsfonts\umsb.fd"
File: umsb.fd 2013/01/14 v3.01 AMS symbols B
)
Package xypdf Info: Line width: 0.43799pt on input line 34.

*geometry* driver: auto-detecting
*geometry* detected driver: pdftex
*geometry* verbose mode - [ preamble ] result:
* driver: pdftex
* paper: custom
* layout: <same size as paper>
* layoutoffset:(h,v)=(0.0pt,0.0pt)
* modes: 
* h-part:(L,W,R)=(76.82323pt, 358.50314pt, 76.82323pt)
* v-part:(T,H,B)=(85.35913pt, 497.92105pt, 128.03871pt)
* \paperwidth=512.1496pt
* \paperheight=711.3189pt
* \textwidth=358.50314pt
* \textheight=497.92105pt
* \oddsidemargin=4.55324pt
* \evensidemargin=4.55324pt
* \topmargin=-23.91086pt
* \headheight=12.0pt
* \headsep=25.0pt
* \topskip=11.0pt
* \footskip=30.0pt
* \marginparwidth=50.0pt
* \marginparsep=10.0pt
* \columnsep=10.0pt
* \skip\footins=10.0pt plus 4.0pt minus 2.0pt
* \hoffset=0.0pt
* \voffset=0.0pt
* \mag=1000
* \@twocolumnfalse
* \@twosidefalse
* \@mparswitchfalse
* \@reversemarginfalse
* (1in=72.27pt=25.4mm, 1cm=28.453pt)


Overfull \hbox (4.44463pt too wide) in paragraph at lines 44--44
 [][] 
 []

[1

{C:/ProgramData/MiKTeX/2.9/pdftex/config/pdftex.map}]
(C:\CrysFML\Program_Examples\Faults\Help\Manual_latex-files\FAULTS_manual.toc)
\tf@toc=\write5
pdfTeX warning (ext4): destination with the same identifier (name{page.1}) has been already used, duplicate ignored
<to be read again> 
                   \relax 
l.46 \include{chapter1}
                        [1

] (C:\CrysFML\Program_Examples\Faults\Help\Manual_latex-files\chapter1.tex
Chapter 1.

Underfull \hbox (badness 10000) in paragraph at lines 7--9

 []


Underfull \hbox (badness 10000) in paragraph at lines 10--13

 []

pdfTeX warning (ext4): destination with the same identifier (name{page.1}) has been already used, duplicate ignored
<to be read again> 
                   \relax 
l.13 
      [1


]
Underfull \hbox (badness 10000) in paragraph at lines 14--16

 []


Underfull \hbox (badness 4792) in paragraph at lines 20--21
\OT1/cmr/m/n/10.95 FAULTS can be ob-tained ei-ther as part of the Full-Prof Suite
 []


Underfull \hbox (badness 7256) in paragraph at lines 20--21
\OT1/cmr/m/n/10.95 [[], [], []] at [][]$\OT1/cmtt/m/n/10.95 www . ill . eu / sites / fullprof/$[][]\OT1/cmr/m/n/10.95 , 
or as a sep-a-rate
 []


Underfull \hbox (badness 10000) in paragraph at lines 20--21
\OT1/cmr/m/n/10.95 pro-gram by down-load-ing the com-pressed file FAULTS.zip at
 []


Underfull \hbox (badness 10000) in paragraph at lines 20--21
[][]$\OT1/cmtt/m/n/10.95 www . cicenergigune . com / en / areas -[] investigacion / power -[] storage -[]
 []


Underfull \hbox (badness 10000) in paragraph at lines 20--21

 []


Underfull \hbox (badness 10000) in paragraph at lines 30--37

 []

[2] [3]
Underfull \hbox (badness 10000) in paragraph at lines 81--83

 []


Underfull \hbox (badness 1546) in paragraph at lines 84--85
[]\OT1/cmr/m/n/10.95 The FAULTS in-put file is sim-i-lar to the one used in DIF-FaX
 []


Underfull \hbox (badness 1005) in paragraph at lines 84--85
\OT1/cmr/m/n/10.95 [[]], al-though there are some dif-fer-ences that should be taken into
 []


Underfull \hbox (badness 10000) in paragraph at lines 84--85
[][]$\OT1/cmtt/m/n/10.95 www . cicenergigune . com / en / areas -[] investigacion / power -[] storage -[]
 []


Underfull \hbox (badness 10000) in paragraph at lines 84--85

 []

[4]
Underfull \hbox (badness 10000) in paragraph at lines 87--92

 []


Underfull \hbox (badness 10000) in paragraph at lines 102--104

 []

[5] <control1.pdf, id=179, 614.295pt x 794.97pt>
File: control1.pdf Graphic file (type pdf)
 <use control1.pdf>
Package pdftex.def Info: control1.pdf used on input line 110.
(pdftex.def)             Requested size: 397.48499pt x 514.39537pt.

Overfull \hbox (38.98184pt too wide) in paragraph at lines 110--111
 [] 
 []


LaTeX Warning: Float too large for page by 76.47688pt on input line 114.

<control2.pdf, id=180, 597.23125pt x 845.1575pt>
File: control2.pdf Graphic file (type pdf)
 <use control2.pdf>
Package pdftex.def Info: control2.pdf used on input line 118.
(pdftex.def)             Requested size: 397.48499pt x 562.49985pt.

Overfull \hbox (38.98184pt too wide) in paragraph at lines 118--119
 [] 
 []


LaTeX Warning: Float too large for page by 124.58136pt on input line 122.

<control3.pdf, id=181, 597.23125pt x 845.1575pt>
File: control3.pdf Graphic file (type pdf)
 <use control3.pdf>
Package pdftex.def Info: control3.pdf used on input line 126.
(pdftex.def)             Requested size: 397.48499pt x 562.49985pt.

Overfull \hbox (38.98184pt too wide) in paragraph at lines 126--127
 [] 
 []


LaTeX Warning: Float too large for page by 124.58136pt on input line 130.


Underfull \hbox (badness 10000) in paragraph at lines 138--142

 []

LaTeX Font Info:    Try loading font information for OMS+cmr on input line 144.
("C:\Program Files\MiKTeX 2.9\tex\latex\base\omscmr.fd"
File: omscmr.fd 1999/05/25 v2.5h Standard LaTeX font definitions
)
LaTeX Font Info:    Font shape `OMS/cmr/m/n' in size <10.95> not available
(Font)              Font shape `OMS/cmsy/m/n' tried instead on input line 144.
 [6] [7 <C:/CrysFML/Program_Examples/Faults/Help/Manual_latex-files/control1.pdf>] [8 <C:/CrysFML/Program_Examples/Fault
s/Help/Manual_latex-files/control2.pdf>] [9 <C:/CrysFML/Program_Examples/Faults/Help/Manual_latex-files/control3.pdf>] [
10]
Underfull \hbox (badness 10000) in paragraph at lines 184--190

 []

[11] [12] [13] [14] [15] [16]
Underfull \hbox (badness 10000) in paragraph at lines 310--312

 []


Underfull \hbox (badness 10000) in paragraph at lines 313--315

 []

[17] [18] [19] [20] [21] [22] [23] [24]
Underfull \hbox (badness 10000) in paragraph at lines 545--549

 []


Underfull \hbox (badness 10000) in paragraph at lines 564--569

 []


Underfull \hbox (badness 10000) in paragraph at lines 581--586

 []

[25]
Underfull \hbox (badness 10000) in paragraph at lines 591--593

 []


Underfull \hbox (badness 10000) in paragraph at lines 600--603

 []


Underfull \hbox (badness 10000) in paragraph at lines 609--612

 []


Underfull \hbox (badness 10000) in paragraph at lines 617--619

 []

[26] [27]
LaTeX Font Info:    Try loading font information for OML+cmr on input line 653.
 ("C:\Program Files\MiKTeX 2.9\tex\latex\base\omlcmr.fd"
File: omlcmr.fd 1999/05/25 v2.5h Standard LaTeX font definitions
)
LaTeX Font Info:    Font shape `OML/cmr/m/n' in size <10.95> not available
(Font)              Font shape `OML/cmm/m/it' tried instead on input line 653.
 [28]

Package hyperref Warning: Token not allowed in a PDF string (PDFDocEncoding):
(hyperref)                removing `math shift' on input line 700.


Package hyperref Warning: Token not allowed in a PDF string (PDFDocEncoding):
(hyperref)                removing `math shift' on input line 700.

[29] <faultslayout.jpg, id=361, 758.835pt x 474.27188pt>
File: faultslayout.jpg Graphic file (type jpg)
 <use faultslayout.jpg>
Package pdftex.def Info: faultslayout.jpg used on input line 711.
(pdftex.def)             Requested size: 289.07999pt x 180.67386pt.
 [30 <C:/CrysFML/Program_Examples/Faults/Help/Manual_latex-files/faultslayout.jpg>] <faultslayout2.jpg, id=369, 758.835p
t x 474.27188pt>
File: faultslayout2.jpg Graphic file (type jpg)
 <use faultslayout2.jpg>
Package pdftex.def Info: faultslayout2.jpg used on input line 722.
(pdftex.def)             Requested size: 289.07999pt x 180.67386pt.

<faultsend.jpg, id=371, 787.44188pt x 474.27188pt>
File: faultsend.jpg Graphic file (type jpg)
 <use faultsend.jpg>
Package pdftex.def Info: faultsend.jpg used on input line 734.
(pdftex.def)             Requested size: 505.89pt x 304.69086pt.

Overfull \hbox (7.96895pt too wide) in paragraph at lines 734--735
 [] 
 []


LaTeX Warning: `!h' float specifier changed to `!ht'.

) [31 <C:/CrysFML/Program_Examples/Faults/Help/Manual_latex-files/faultslayout2.jpg>] [32 <C:/CrysFML/Program_Examples/F
aults/Help/Manual_latex-files/faultsend.jpg>] (C:\CrysFML\Program_Examples\Faults\Help\Manual_latex-files\chapter2.tex
Chapter 2.

Package hyperref Warning: Token not allowed in a PDF string (PDFDocEncoding):
(hyperref)                removing `math shift' on input line 11.


Package hyperref Warning: Token not allowed in a PDF string (PDFDocEncoding):
(hyperref)                removing `subscript' on input line 11.


Package hyperref Warning: Token not allowed in a PDF string (PDFDocEncoding):
(hyperref)                removing `math shift' on input line 11.

<LiNO_estructura.jpg, id=385, 722.7pt x 542.025pt>
File: LiNO_estructura.jpg Graphic file (type jpg)
 <use LiNO_estructura.jpg>
Package pdftex.def Info: LiNO_estructura.jpg used on input line 18.
(pdftex.def)             Requested size: 383.03122pt x 287.27188pt.

Overfull \hbox (24.52808pt too wide) in paragraph at lines 18--19
 [] 
 []

[33



] <description.jpg, id=395, 722.7pt x 542.025pt>
File: description.jpg Graphic file (type jpg)
 <use description.jpg>
Package pdftex.def Info: description.jpg used on input line 28.
(pdftex.def)             Requested size: 433.62pt x 325.2175pt.

<transitions.jpg, id=396, 758.835pt x 474.27188pt>
File: transitions.jpg Graphic file (type jpg)
 <use transitions.jpg>
Package pdftex.def Info: transitions.jpg used on input line 36.
(pdftex.def)             Requested size: 375.80377pt x 234.87747pt.

Overfull \hbox (17.30063pt too wide) in paragraph at lines 36--37
 [] 
 []

<pattern.jpg, id=401, 1068.24094pt x 574.39594pt>
File: pattern.jpg Graphic file (type jpg)
 <use pattern.jpg>
Package pdftex.def Info: pattern.jpg used on input line 97.
(pdftex.def)             Requested size: 433.62pt x 233.15494pt.
 <chi2_Rf.jpg, id=403, 820.9872pt x 573.22156pt>
File: chi2_Rf.jpg Graphic file (type jpg)

<use chi2_Rf.jpg>
Package pdftex.def Info: chi2_Rf.jpg used on input line 107.
(pdftex.def)             Requested size: 289.07999pt x 201.83759pt.
 [34] [35]) [36] [37 <C:/CrysFML/Program_Examples/Faults/Help/Manual_latex-files/LiNO_estructura.jpg>]
[38 <C:/CrysFML/Program_Examples/Faults/Help/Manual_latex-files/description.jpg>] [39 <C:/CrysFML/Program_Examples/Fault
s/Help/Manual_latex-files/transitions.jpg>] [40 <C:/CrysFML/Program_Examples/Faults/Help/Manual_latex-files/pattern.jpg>
] [41 <C:/CrysFML/Program_Examples/Faults/Help/Manual_latex-files/chi2_Rf.jpg>]
(C:\CrysFML\Program_Examples\Faults\Help\Manual_latex-files\bibliography.tex

LaTeX Warning: Command \i invalid in math mode on input line 12.


LaTeX Warning: Command \i invalid in math mode on input line 12.


LaTeX Warning: Command \i invalid in math mode on input line 14.


LaTeX Warning: Command \i invalid in math mode on input line 14.


Underfull \hbox (badness 2913) in paragraph at lines 14--15
\OT1/cmr/m/n/10.95 Avail-able at: [][]$\OT1/cmtt/m/n/10.95 http : / / forge . epn -[] campus . eu / projects / crysfml /

 []


LaTeX Warning: Command \i invalid in math mode on input line 20.


LaTeX Warning: Command \i invalid in math mode on input line 20.


LaTeX Warning: Command \i invalid in math mode on input line 20.


LaTeX Warning: Command \i invalid in math mode on input line 20.

[1



]

LaTeX Warning: Command \i invalid in math mode on input line 22.


LaTeX Warning: Command \i invalid in math mode on input line 22.


LaTeX Warning: Command \i invalid in math mode on input line 24.


LaTeX Warning: Command \i invalid in math mode on input line 24.


LaTeX Warning: Command \i invalid in math mode on input line 26.


LaTeX Warning: Command \i invalid in math mode on input line 26.


LaTeX Warning: Command \i invalid in math mode on input line 29.


LaTeX Warning: Command \i invalid in math mode on input line 29.


Underfull \hbox (badness 1152) in paragraph at lines 31--32
[]\OT1/cmr/m/n/10.95 Treacy M.M.J., Deem M.W., and Newsam J.M. DIF-FaX Man-
 []


LaTeX Warning: Command \i invalid in math mode on input line 33.


LaTeX Warning: Command \i invalid in math mode on input line 33.


LaTeX Warning: Command \i invalid in math mode on input line 35.


LaTeX Warning: Command \i invalid in math mode on input line 35.


LaTeX Warning: Command \i invalid in math mode on input line 39.


LaTeX Warning: Command \i invalid in math mode on input line 39.

[2]) [3]
Package atveryend Info: Empty hook `BeforeClearDocument' on input line 55.
Package atveryend Info: Empty hook `AfterLastShipout' on input line 55.
 (C:\CrysFML\Program_Examples\Faults\Help\Manual_latex-files\FAULTS_manual.aux
(C:\CrysFML\Program_Examples\Faults\Help\Manual_latex-files\chapter1.aux)
(C:\CrysFML\Program_Examples\Faults\Help\Manual_latex-files\chapter2.aux)
(C:\CrysFML\Program_Examples\Faults\Help\Manual_latex-files\bibliography.aux))
Package atveryend Info: Executing hook `AtVeryEndDocument' on input line 55.
Package atveryend Info: Executing hook `AtEndAfterFileList' on input line 55.
Package rerunfilecheck Info: File `FAULTS_manual.out' has not changed.
(rerunfilecheck)             Checksum: 8BF36FFE95DC18691315BA71CC4E3A64;1440.
Package atveryend Info: Empty hook `AtVeryVeryEnd' on input line 55.
 ) 
Here is how much of TeX's memory you used:
 7993 strings out of 493921
 110920 string characters out of 3147273
 222975 words of memory out of 3000000
 11027 multiletter control sequences out of 15000+200000
 26868 words of font info for 100 fonts, out of 3000000 for 9000
 841 hyphenation exceptions out of 8191
 29i,10n,33p,1298b,430s stack positions out of 5000i,500n,10000p,200000b,50000s
<C:/Program Files/MiKTeX 2.9/fonts/type1/public/amsfonts/cm/cmbx10.pfb><C:/Program Files/MiKTeX 2.9/fonts/type1/public
/amsfonts/cm/cmbx12.pfb><C:/Program Files/MiKTeX 2.9/fonts/type1/public/amsfonts/cm/cmbxti10.pfb><C:/Program Files/MiKTe
X 2.9/fonts/type1/public/amsfonts/cm/cmex10.pfb><C:/Program Files/MiKTeX 2.9/fonts/type1/public/amsfonts/cm/cmmi10.pfb><
C:/Program Files/MiKTeX 2.9/fonts/type1/public/amsfonts/cm/cmmi8.pfb><C:/Program Files/MiKTeX 2.9/fonts/type1/public/ams
fonts/cm/cmmi9.pfb><C:/Program Files/MiKTeX 2.9/fonts/type1/public/amsfonts/cm/cmr10.pfb><C:/Program Files/MiKTeX 2.9/fo
nts/type1/public/amsfonts/cm/cmr12.pfb><C:/Program Files/MiKTeX 2.9/fonts/type1/public/amsfonts/cm/cmr8.pfb><C:/Program 
Files/MiKTeX 2.9/fonts/type1/public/amsfonts/cm/cmr9.pfb><C:/Program Files/MiKTeX 2.9/fonts/type1/public/amsfonts/cm/cms
y10.pfb><C:/Program Files/MiKTeX 2.9/fonts/type1/public/amsfonts/cm/cmti10.pfb><C:/Program Files/MiKTeX 2.9/fonts/type1/
public/amsfonts/cm/cmtt10.pfb>
Output written on FAULTS_manual.pdf (46 pages, 2542819 bytes).
PDF statistics:
 542 PDF objects out of 1000 (max. 8388607)
 104 named destinations out of 1000 (max. 500000)
 208 words of extra memory for PDF output out of 10000 (max. 10000000)

