This is pdfTeX, Version 3.1415926-2.5-1.40.14 (MiKTeX 2.9) (preloaded format=pdflatex 2014.12.22)  23 DEC 2014 11:29
entering extended mode
**FAULTS*manual.tex
("C:\crysFML\Program_Examples\Faults\Help\Manual_latex-files\FAULTS manual.tex"
LaTeX2e <2011/06/27>
Babel <v3.8m> and hyphenation patterns for english, afrikaans, ancientgreek, arabic, armenian, assamese, basque, bengali
, bokmal, bulgarian, catalan, coptic, croatian, czech, danish, dutch, esperanto, estonian, farsi, finnish, french, galic
ian, german, german-x-2013-05-26, greek, gujarati, hindi, hungarian, icelandic, indonesian, interlingua, irish, italian,
 kannada, kurmanji, latin, latvian, lithuanian, malayalam, marathi, mongolian, mongolianlmc, monogreek, ngerman, ngerman
-x-2013-05-26, nynorsk, oriya, panjabi, pinyin, polish, portuguese, romanian, russian, sanskrit, serbian, slovak, sloven
ian, spanish, swedish, swissgerman, tamil, telugu, turkish, turkmen, ukenglish, ukrainian, uppersorbian, usenglishmax, w
elsh, loaded.
("C:\Program Files\MiKTeX 2.9\tex\latex\base\report.cls"
Document Class: report 2007/10/19 v1.4h Standard LaTeX document class
("C:\Program Files\MiKTeX 2.9\tex\latex\base\size11.clo"
File: size11.clo 2007/10/19 v1.4h Standard LaTeX file (size option)
)
\c@part=\count79
\c@chapter=\count80
\c@section=\count81
\c@subsection=\count82
\c@subsubsection=\count83
\c@paragraph=\count84
\c@subparagraph=\count85
\c@figure=\count86
\c@table=\count87
\abovecaptionskip=\skip41
\belowcaptionskip=\skip42
\bibindent=\dimen102
) ("C:\Program Files\MiKTeX 2.9\tex\latex\graphics\graphicx.sty"
Package: graphicx 1999/02/16 v1.0f Enhanced LaTeX Graphics (DPC,SPQR)
 ("C:\Program Files\MiKTeX 2.9\tex\latex\graphics\keyval.sty"
Package: keyval 1999/03/16 v1.13 key=value parser (DPC)
\KV@toks@=\toks14
)
("C:\Program Files\MiKTeX 2.9\tex\latex\graphics\graphics.sty"
Package: graphics 2009/02/05 v1.0o Standard LaTeX Graphics (DPC,SPQR)
 ("C:\Program Files\MiKTeX 2.9\tex\latex\graphics\trig.sty"
Package: trig 1999/03/16 v1.09 sin cos tan (DPC)
) ("C:\Program Files\MiKTeX 2.9\tex\latex\00miktex\graphics.cfg"
File: graphics.cfg 2007/01/18 v1.5 graphics configuration of teTeX/TeXLive
)
Package graphics Info: Driver file: pdftex.def on input line 91.

("C:\Program Files\MiKTeX 2.9\tex\latex\pdftex-def\pdftex.def"
File: pdftex.def 2011/05/27 v0.06d Graphics/color for pdfTeX

("C:\Program Files\MiKTeX 2.9\tex\generic\oberdiek\infwarerr.sty"
Package: infwarerr 2010/04/08 v1.3 Providing info/warning/error messages (HO)
)
("C:\Program Files\MiKTeX 2.9\tex\generic\oberdiek\ltxcmds.sty"
Package: ltxcmds 2011/11/09 v1.22 LaTeX kernel commands for general use (HO)
)
\Gread@gobject=\count88
))
\Gin@req@height=\dimen103
\Gin@req@width=\dimen104
)
("C:\Program Files\MiKTeX 2.9\tex\latex\amsfonts\amssymb.sty"
Package: amssymb 2013/01/14 v3.01 AMS font symbols

("C:\Program Files\MiKTeX 2.9\tex\latex\amsfonts\amsfonts.sty"
Package: amsfonts 2013/01/14 v3.01 Basic AMSFonts support
\@emptytoks=\toks15
\symAMSa=\mathgroup4
\symAMSb=\mathgroup5
LaTeX Font Info:    Overwriting math alphabet `\mathfrak' in version `bold'
(Font)                  U/euf/m/n --> U/euf/b/n on input line 106.
))
("C:\Program Files\MiKTeX 2.9\tex\latex\rotating\rotating.sty"
Package: rotating 2009/03/28 v2.16a rotated objects in LaTeX
 ("C:\Program Files\MiKTeX 2.9\tex\latex\base\ifthen.sty"
Package: ifthen 2001/05/26 v1.1c Standard LaTeX ifthen package (DPC)
)
\c@r@tfl@t=\count89
\rotFPtop=\skip43
\rotFPbot=\skip44
\rot@float@box=\box26
\rot@mess@toks=\toks16
) ("C:\Program Files\MiKTeX 2.9\tex\latex\hyperref\hyperref.sty"
Package: hyperref 2012/11/06 v6.83m Hypertext links for LaTeX

("C:\Program Files\MiKTeX 2.9\tex\generic\oberdiek\hobsub-hyperref.sty"
Package: hobsub-hyperref 2012/04/25 v1.12 Bundle oberdiek, subset hyperref (HO)

("C:\Program Files\MiKTeX 2.9\tex\generic\oberdiek\hobsub-generic.sty"
Package: hobsub-generic 2012/04/25 v1.12 Bundle oberdiek, subset generic (HO)
Package: hobsub 2012/04/25 v1.12 Construct package bundles (HO)
Package hobsub Info: Skipping package `infwarerr' (already loaded).
Package hobsub Info: Skipping package `ltxcmds' (already loaded).
Package: ifluatex 2010/03/01 v1.3 Provides the ifluatex switch (HO)
Package ifluatex Info: LuaTeX not detected.
Package: ifvtex 2010/03/01 v1.5 Detect VTeX and its facilities (HO)
Package ifvtex Info: VTeX not detected.
Package: intcalc 2007/09/27 v1.1 Expandable calculations with integers (HO)
Package: ifpdf 2011/01/30 v2.3 Provides the ifpdf switch (HO)
Package ifpdf Info: pdfTeX in PDF mode is detected.
Package: etexcmds 2011/02/16 v1.5 Avoid name clashes with e-TeX commands (HO)
Package etexcmds Info: Could not find \expanded.
(etexcmds)             That can mean that you are not using pdfTeX 1.50 or
(etexcmds)             that some package has redefined \expanded.
(etexcmds)             In the latter case, load this package earlier.
Package: kvsetkeys 2012/04/25 v1.16 Key value parser (HO)
Package: kvdefinekeys 2011/04/07 v1.3 Define keys (HO)
Package: pdftexcmds 2011/11/29 v0.20 Utility functions of pdfTeX for LuaTeX (HO)
Package pdftexcmds Info: LuaTeX not detected.
Package pdftexcmds Info: \pdf@primitive is available.
Package pdftexcmds Info: \pdf@ifprimitive is available.
Package pdftexcmds Info: \pdfdraftmode found.
Package: pdfescape 2011/11/25 v1.13 Implements pdfTeX's escape features (HO)
Package: bigintcalc 2012/04/08 v1.3 Expandable calculations on big integers (HO)
Package: bitset 2011/01/30 v1.1 Handle bit-vector datatype (HO)
Package: uniquecounter 2011/01/30 v1.2 Provide unlimited unique counter (HO)
)
Package hobsub Info: Skipping package `hobsub' (already loaded).
Package: letltxmacro 2010/09/02 v1.4 Let assignment for LaTeX macros (HO)
Package: hopatch 2011/06/24 v1.1 Wrapper for package hooks (HO)
Package: xcolor-patch 2011/01/30 xcolor patch
Package: atveryend 2011/06/30 v1.8 Hooks at the very end of document (HO)
Package atveryend Info: \enddocument detected (standard20110627).
Package: atbegshi 2011/10/05 v1.16 At begin shipout hook (HO)
Package: refcount 2011/10/16 v3.4 Data extraction from label references (HO)
Package: hycolor 2011/01/30 v1.7 Color options for hyperref/bookmark (HO)
)
("C:\Program Files\MiKTeX 2.9\tex\generic\ifxetex\ifxetex.sty"
Package: ifxetex 2010/09/12 v0.6 Provides ifxetex conditional
)
("C:\Program Files\MiKTeX 2.9\tex\latex\oberdiek\auxhook.sty"
Package: auxhook 2011/03/04 v1.3 Hooks for auxiliary files (HO)
)
("C:\Program Files\MiKTeX 2.9\tex\latex\oberdiek\kvoptions.sty"
Package: kvoptions 2011/06/30 v3.11 Key value format for package options (HO)
)
\@linkdim=\dimen105
\Hy@linkcounter=\count90
\Hy@pagecounter=\count91

("C:\Program Files\MiKTeX 2.9\tex\latex\hyperref\pd1enc.def"
File: pd1enc.def 2012/11/06 v6.83m Hyperref: PDFDocEncoding definition (HO)
)
\Hy@SavedSpaceFactor=\count92

("C:\Program Files\MiKTeX 2.9\tex\latex\00miktex\hyperref.cfg"
File: hyperref.cfg 2002/06/06 v1.2 hyperref configuration of TeXLive
)
Package hyperref Info: Hyper figures OFF on input line 4443.
Package hyperref Info: Link nesting OFF on input line 4448.
Package hyperref Info: Hyper index ON on input line 4451.
Package hyperref Info: Plain pages OFF on input line 4458.
Package hyperref Info: Backreferencing OFF on input line 4463.
Package hyperref Info: Implicit mode ON; LaTeX internals redefined.
Package hyperref Info: Bookmarks ON on input line 4688.
\c@Hy@tempcnt=\count93
 ("C:\Program Files\MiKTeX 2.9\tex\latex\url\url.sty"
\Urlmuskip=\muskip10
Package: url 2013/09/16  ver 3.4  Verb mode for urls, etc.
)
LaTeX Info: Redefining \url on input line 5041.
\XeTeXLinkMargin=\dimen106
\Fld@menulength=\count94
\Field@Width=\dimen107
\Fld@charsize=\dimen108
Package hyperref Info: Hyper figures OFF on input line 6295.
Package hyperref Info: Link nesting OFF on input line 6300.
Package hyperref Info: Hyper index ON on input line 6303.
Package hyperref Info: backreferencing OFF on input line 6310.
Package hyperref Info: Link coloring OFF on input line 6315.
Package hyperref Info: Link coloring with OCG OFF on input line 6320.
Package hyperref Info: PDF/A mode OFF on input line 6325.
LaTeX Info: Redefining \ref on input line 6365.
LaTeX Info: Redefining \pageref on input line 6369.
\Hy@abspage=\count95
\c@Item=\count96
\c@Hfootnote=\count97
)

Package hyperref Message: Driver: hpdftex.

("C:\Program Files\MiKTeX 2.9\tex\latex\hyperref\hpdftex.def"
File: hpdftex.def 2012/11/06 v6.83m Hyperref driver for pdfTeX
\Fld@listcount=\count98
\c@bookmark@seq@number=\count99

("C:\Program Files\MiKTeX 2.9\tex\latex\oberdiek\rerunfilecheck.sty"
Package: rerunfilecheck 2011/04/15 v1.7 Rerun checks for auxiliary files (HO)
Package uniquecounter Info: New unique counter `rerunfilecheck' on input line 282.
)
\Hy@SectionHShift=\skip45
)
("C:\Program Files\MiKTeX 2.9\tex\latex\graphics\color.sty"
Package: color 2005/11/14 v1.0j Standard LaTeX Color (DPC)
 ("C:\Program Files\MiKTeX 2.9\tex\latex\00miktex\color.cfg"
File: color.cfg 2007/01/18 v1.5 color configuration of teTeX/TeXLive
)
Package color Info: Driver file: pdftex.def on input line 130.
) ("C:\Program Files\MiKTeX 2.9\tex\latex\amsmath\amscd.sty"
Package: amscd 1999/11/29 v2.0
 ("C:\Program Files\MiKTeX 2.9\tex\latex\amsmath\amsgen.sty"
File: amsgen.sty 1999/11/30 v2.0
\@emptytoks=\toks17
\ex@=\dimen109
)
\athelp@=\toks18
\minaw@=\dimen110
\bigaw@=\dimen111
\minCDarrowwidth=\dimen112
) ("C:\Program Files\MiKTeX 2.9\tex\latex\amsmath\amsmath.sty"
Package: amsmath 2013/01/14 v2.14 AMS math features
\@mathmargin=\skip46

For additional information on amsmath, use the `?' option.
("C:\Program Files\MiKTeX 2.9\tex\latex\amsmath\amstext.sty"
Package: amstext 2000/06/29 v2.01
) ("C:\Program Files\MiKTeX 2.9\tex\latex\amsmath\amsbsy.sty"
Package: amsbsy 1999/11/29 v1.2d
\pmbraise@=\dimen113
) ("C:\Program Files\MiKTeX 2.9\tex\latex\amsmath\amsopn.sty"
Package: amsopn 1999/12/14 v2.01 operator names
)
\inf@bad=\count100
LaTeX Info: Redefining \frac on input line 210.
\uproot@=\count101
\leftroot@=\count102
LaTeX Info: Redefining \overline on input line 306.
\classnum@=\count103
\DOTSCASE@=\count104
LaTeX Info: Redefining \ldots on input line 378.
LaTeX Info: Redefining \dots on input line 381.
LaTeX Info: Redefining \cdots on input line 466.
\Mathstrutbox@=\box27
\strutbox@=\box28
\big@size=\dimen114
LaTeX Font Info:    Redeclaring font encoding OML on input line 566.
LaTeX Font Info:    Redeclaring font encoding OMS on input line 567.
\macc@depth=\count105
\c@MaxMatrixCols=\count106
\dotsspace@=\muskip11
\c@parentequation=\count107
\dspbrk@lvl=\count108
\tag@help=\toks19
\row@=\count109
\column@=\count110
\maxfields@=\count111
\andhelp@=\toks20
\eqnshift@=\dimen115
\alignsep@=\dimen116
\tagshift@=\dimen117
\tagwidth@=\dimen118
\totwidth@=\dimen119
\lineht@=\dimen120
\@envbody=\toks21
\multlinegap=\skip47
\multlinetaggap=\skip48
\mathdisplay@stack=\toks22
LaTeX Info: Redefining \[ on input line 2665.
LaTeX Info: Redefining \] on input line 2666.
)
("C:\Program Files\MiKTeX 2.9\tex\generic\xypic\xypic.sty" ("C:\Program Files\MiKTeX 2.9\tex\generic\xypic\xy.sty"
("C:\Program Files\MiKTeX 2.9\tex\generic\xypic\xy.tex" Bootstrap'ing: catcodes, docmode,
("C:\Program Files\MiKTeX 2.9\tex\generic\xypic\xyrecat.tex")
("C:\Program Files\MiKTeX 2.9\tex\generic\xypic\xyidioms.tex")

 Xy-pic version 3.8.9 <2013/10/06>
 Copyright (c) 1991-2013 by Kristoffer H. Rose <krisrose@tug.org> and others
 Xy-pic is free software: see the User's Guide for details.

Loading kernel: messages; fonts; allocations: state,
\X@c=\dimen121
\Y@c=\dimen122
\U@c=\dimen123
\D@c=\dimen124
\L@c=\dimen125
\R@c=\dimen126
\Edge@c=\toks23
\X@p=\dimen127
\Y@p=\dimen128
\U@p=\dimen129
\D@p=\dimen130
\L@p=\dimen131
\R@p=\dimen132
\Edge@p=\toks24
\X@origin=\dimen133
\Y@origin=\dimen134
\X@xbase=\dimen135
\Y@xbase=\dimen136
\X@ybase=\dimen137
\Y@ybase=\dimen138
\X@min=\dimen139
\Y@min=\dimen140
\X@max=\dimen141
\Y@max=\dimen142
\lastobjectbox@=\box29
\zerodotbox@=\box30
\almostz@=\dimen143
 direction,
\d@X=\dimen144
\d@Y=\dimen145
\K@=\count112
\KK@=\count113
\Direction=\count114
\K@dXdY=\dimen146
\K@dYdX=\dimen147
\xyread@=\read1
\xywrite@=\write3
\csp@=\count115
\quotPTK@=\dimen148
 utility macros; pictures: \xy, positions,
\swaptoks@@=\toks25
\connectobjectbox@@=\box31
 objects,
\styletoks@=\toks26

decorations; kernel objects: directionals, circles, text; options; algorithms: directions, edges, connections;
 Xy-pic loaded)

LaTeX Warning: You have requested package `xypic',
               but the package provides `xy'.

Package: xy 2013/10/06 Xy-pic version 3.8.9
("C:\Program Files\MiKTeX 2.9\tex\generic\xypic\xypdf.tex"  Xy-pic option: PDF driver v.1.7 loaded))
("C:\Program Files\MiKTeX 2.9\tex\generic\xypic\xyv2.tex"  Xy-pic option: Version 2 Compatibility v.3.8

Xy-pic Warning: `\stop' redefined.


Xy-pic Warning: `\rotate' redefined.

("C:\Program Files\MiKTeX 2.9\tex\generic\xypic\xyframe.tex"  Xy-pic option: Frame and Bracket extension v.3.14 loaded)
Xy-pic pdf driver: `frame' extension support ("C:\Program Files\MiKTeX 2.9\tex\generic\xypic\xypdf-fr.tex"
("C:\Program Files\MiKTeX 2.9\tex\generic\xypic\xycurve.tex"  Xy-pic option: Curve and Spline extension v.3.12 curve,
\crv@cnt@=\count116
\crvpts@=\toks27
\splinebox@=\box32
\splineval@=\dimen149
\splinedepth@=\dimen150
\splinetol@=\dimen151
\splinelength@=\dimen152

circles,
\L@=\dimen153
 loaded) Xy-pic pdf driver: `curve' extension support
("C:\Program Files\MiKTeX 2.9\tex\generic\xypic\xypdf-cu.tex" loaded) loaded)
("C:\Program Files\MiKTeX 2.9\tex\generic\xypic\xymatrix.tex"  Xy-pic option: Matrix feature v.3.14
\Row=\count117
\Col=\count118
\queue@=\toks28
\queue@@=\toks29
\qcount@=\count119
\qcount@@=\count120
\matrixsize@=\count121
 loaded)
("C:\Program Files\MiKTeX 2.9\tex\generic\xypic\xyarrow.tex"  Xy-pic option: Arrow and Path feature v.3.9 path, \ar,
loaded) loaded)) ("C:\Program Files\MiKTeX 2.9\tex\latex\geometry\geometry.sty"
Package: geometry 2010/09/12 v5.6 Page Geometry
\Gm@cnth=\count122
\Gm@cntv=\count123
\c@Gm@tempcnt=\count124
\Gm@bindingoffset=\dimen154
\Gm@wd@mp=\dimen155
\Gm@odd@mp=\dimen156
\Gm@even@mp=\dimen157
\Gm@layoutwidth=\dimen158
\Gm@layoutheight=\dimen159
\Gm@layouthoffset=\dimen160
\Gm@layoutvoffset=\dimen161
\Gm@dimlist=\toks30

("C:\Program Files\MiKTeX 2.9\tex\latex\geometry\geometry.cfg")) ("C:\Program Files\MiKTeX 2.9\tex\latex\tools\array.sty
"
Package: array 2008/09/09 v2.4c Tabular extension package (FMi)
\col@sep=\dimen162
\extrarowheight=\dimen163
\NC@list=\toks31
\extratabsurround=\skip49
\backup@length=\skip50
) ("C:\Program Files\MiKTeX 2.9\tex\latex\tools\bm.sty"
Package: bm 2004/02/26 v1.1c Bold Symbol Support (DPC/FMi)
\symboldoperators=\mathgroup6
\symboldletters=\mathgroup7
\symboldsymbols=\mathgroup8
LaTeX Font Info:    Redeclaring math alphabet \mathbf on input line 138.
LaTeX Info: Redefining \bm on input line 204.
) ("C:\Program Files\MiKTeX 2.9\tex\latex\eepic\eepic.sty"
Extension to Epic and LaTeX. Version 1.1e - Released Dec 21, 1999
\@gphlinewidth=\count125
\@eepictcnt=\count126
\@tempdimc=\dimen164
\maxovaldiam=\dimen165
\@filltype=\box33
)
Package hyperref Info: Option `colorlinks' set `true' on input line 24.
 ("C:\crysFML\Program_Examples\Faults\Help\Manual_latex-files\FAULTS manual.aux"
(C:\crysFML\Program_Examples\Faults\Help\Manual_latex-files\chapter1.aux)
(C:\crysFML\Program_Examples\Faults\Help\Manual_latex-files\chapter2.aux)
(C:\crysFML\Program_Examples\Faults\Help\Manual_latex-files\bibliography.aux))
LaTeX Font Info:    Checking defaults for OML/cmm/m/it on input line 30.
LaTeX Font Info:    ... okay on input line 30.
LaTeX Font Info:    Checking defaults for T1/cmr/m/n on input line 30.
LaTeX Font Info:    ... okay on input line 30.
LaTeX Font Info:    Checking defaults for OT1/cmr/m/n on input line 30.
LaTeX Font Info:    ... okay on input line 30.
LaTeX Font Info:    Checking defaults for OMS/cmsy/m/n on input line 30.
LaTeX Font Info:    ... okay on input line 30.
LaTeX Font Info:    Checking defaults for OMX/cmex/m/n on input line 30.
LaTeX Font Info:    ... okay on input line 30.
LaTeX Font Info:    Checking defaults for U/cmr/m/n on input line 30.
LaTeX Font Info:    ... okay on input line 30.
LaTeX Font Info:    Checking defaults for PD1/pdf/m/n on input line 30.
LaTeX Font Info:    ... okay on input line 30.

("C:\Program Files\MiKTeX 2.9\tex\context\base\supp-pdf.mkii"
[Loading MPS to PDF converter (version 2006.09.02).]
\scratchcounter=\count127
\scratchdimen=\dimen166
\scratchbox=\box34
\nofMPsegments=\count128
\nofMParguments=\count129
\everyMPshowfont=\toks32
\MPscratchCnt=\count130
\MPscratchDim=\dimen167
\MPnumerator=\count131
\makeMPintoPDFobject=\count132
\everyMPtoPDFconversion=\toks33
)
\AtBeginShipoutBox=\box35
Package hyperref Info: Link coloring ON on input line 30.
 ("C:\Program Files\MiKTeX 2.9\tex\latex\hyperref\nameref.sty"
Package: nameref 2012/10/27 v2.43 Cross-referencing by name of section

("C:\Program Files\MiKTeX 2.9\tex\generic\oberdiek\gettitlestring.sty"
Package: gettitlestring 2010/12/03 v1.4 Cleanup title references (HO)
)
\c@section@level=\count133
)
LaTeX Info: Redefining \ref on input line 30.
LaTeX Info: Redefining \pageref on input line 30.
LaTeX Info: Redefining \nameref on input line 30.

("C:\crysFML\Program_Examples\Faults\Help\Manual_latex-files\FAULTS manual.out")
("C:\crysFML\Program_Examples\Faults\Help\Manual_latex-files\FAULTS manual.out")
\@outlinefile=\write4
LaTeX Font Info:    Try loading font information for U+msa on input line 30.

("C:\Program Files\MiKTeX 2.9\tex\latex\amsfonts\umsa.fd"
File: umsa.fd 2013/01/14 v3.01 AMS symbols A
)
LaTeX Font Info:    Try loading font information for U+msb on input line 30.
 ("C:\Program Files\MiKTeX 2.9\tex\latex\amsfonts\umsb.fd"
File: umsb.fd 2013/01/14 v3.01 AMS symbols B
)
Package xypdf Info: Line width: 0.43799pt on input line 30.

*geometry* driver: auto-detecting
*geometry* detected driver: pdftex
*geometry* verbose mode - [ preamble ] result:
* driver: pdftex
* paper: custom
* layout: <same size as paper>
* layoutoffset:(h,v)=(0.0pt,0.0pt)
* modes: 
* h-part:(L,W,R)=(76.82323pt, 358.50314pt, 76.82323pt)
* v-part:(T,H,B)=(85.35913pt, 497.92105pt, 128.03871pt)
* \paperwidth=512.1496pt
* \paperheight=711.3189pt
* \textwidth=358.50314pt
* \textheight=497.92105pt
* \oddsidemargin=4.55324pt
* \evensidemargin=4.55324pt
* \topmargin=-23.91086pt
* \headheight=12.0pt
* \headsep=25.0pt
* \topskip=11.0pt
* \footskip=30.0pt
* \marginparwidth=50.0pt
* \marginparsep=10.0pt
* \columnsep=10.0pt
* \skip\footins=10.0pt plus 4.0pt minus 2.0pt
* \hoffset=0.0pt
* \voffset=0.0pt
* \mag=1000
* \@twocolumnfalse
* \@twosidefalse
* \@mparswitchfalse
* \@reversemarginfalse
* (1in=72.27pt=25.4mm, 1cm=28.453pt)


Overfull \hbox (4.44463pt too wide) in paragraph at lines 39--39
 [][] 
 []

[1

{C:/ProgramData/MiKTeX/2.9/pdftex/config/pdftex.map}]
("C:\crysFML\Program_Examples\Faults\Help\Manual_latex-files\FAULTS manual.toc")
\tf@toc=\write5
pdfTeX warning (ext4): destination with the same identifier (name{page.1}) has been already used, duplicate ignored
<to be read again> 
                   \relax 
l.41 \include{chapter1}
                        [1

] (C:\crysFML\Program_Examples\Faults\Help\Manual_latex-files\chapter1.tex
Chapter 1.

Underfull \hbox (badness 10000) in paragraph at lines 7--9

 []


Underfull \hbox (badness 10000) in paragraph at lines 10--14

 []

pdfTeX warning (ext4): destination with the same identifier (name{page.1}) has been already used, duplicate ignored
<to be read again> 
                   \relax 
l.14 
      [1


]
Underfull \hbox (badness 10000) in paragraph at lines 18--25

 []

[2]
Underfull \hbox (badness 10000) in paragraph at lines 69--76

 []

[3]
Underfull \hbox (badness 10000) in paragraph at lines 86--88

 []

[4] <control1.pdf, id=150, 597.23125pt x 845.1575pt>
File: control1.pdf Graphic file (type pdf)
 <use control1.pdf>
Package pdftex.def Info: control1.pdf used on input line 94.
(pdftex.def)             Requested size: 397.48499pt x 562.49985pt.

Overfull \hbox (38.98184pt too wide) in paragraph at lines 94--95
 [] 
 []


LaTeX Warning: Float too large for page by 107.388pt on input line 98.

<control2.pdf, id=151, 597.23125pt x 845.1575pt>
File: control2.pdf Graphic file (type pdf)
 <use control2.pdf>
Package pdftex.def Info: control2.pdf used on input line 102.
(pdftex.def)             Requested size: 397.48499pt x 562.49985pt.

Overfull \hbox (38.98184pt too wide) in paragraph at lines 102--103
 [] 
 []


LaTeX Warning: Float too large for page by 107.388pt on input line 106.

<control3.pdf, id=152, 597.23125pt x 845.1575pt>
File: control3.pdf Graphic file (type pdf)
 <use control3.pdf>
Package pdftex.def Info: control3.pdf used on input line 110.
(pdftex.def)             Requested size: 397.48499pt x 562.49985pt.

Overfull \hbox (38.98184pt too wide) in paragraph at lines 110--111
 [] 
 []


LaTeX Warning: Float too large for page by 107.388pt on input line 114.


Underfull \hbox (badness 10000) in paragraph at lines 122--126

 []

LaTeX Font Info:    Try loading font information for OMS+cmr on input line 128.
("C:\Program Files\MiKTeX 2.9\tex\latex\base\omscmr.fd"
File: omscmr.fd 1999/05/25 v2.5h Standard LaTeX font definitions
)
LaTeX Font Info:    Font shape `OMS/cmr/m/n' in size <10.95> not available
(Font)              Font shape `OMS/cmsy/m/n' tried instead on input line 128.


LaTeX Warning: Command \r invalid in math mode on input line 131.

[5] [6 <C:/crysFML/Program_Examples/Faults/Help/Manual_latex-files/control1.pdf>] [7 <C:/crysFML/Program_Examples/Faults
/Help/Manual_latex-files/control2.pdf>] [8 <C:/crysFML/Program_Examples/Faults/Help/Manual_latex-files/control3.pdf>]
[9]
Underfull \hbox (badness 10000) in paragraph at lines 164--170

 []

[10] [11] [12] [13] [14]
Underfull \hbox (badness 10000) in paragraph at lines 285--287

 []


Underfull \hbox (badness 10000) in paragraph at lines 288--290

 []

[15] [16] [17] [18] [19] [20] [21]
Overfull \hbox (1.83531pt too wide) in paragraph at lines 494--495
[]\OT1/cmr/bx/n/10.95 NLS (Ins=4 in FP):  \OT1/cmr/m/n/10.95 Data file from N.L.S.(Brookhaven) syn-chrotron
 []


Underfull \hbox (badness 10000) in paragraph at lines 496--500

 []


Underfull \hbox (badness 10000) in paragraph at lines 515--520

 []

[22]
Underfull \hbox (badness 10000) in paragraph at lines 532--537

 []


Underfull \hbox (badness 10000) in paragraph at lines 542--544

 []


Underfull \hbox (badness 10000) in paragraph at lines 551--554

 []


Underfull \hbox (badness 10000) in paragraph at lines 560--563

 []

[23]
Underfull \hbox (badness 10000) in paragraph at lines 568--570

 []

[24] <pgfexample.png, id=295, 1027.84pt x 770.88pt>
File: pgfexample.png Graphic file (type png)
 <use pgfexample.png>
Package pdftex.def Info: pgfexample.png used on input line 618.
(pdftex.def)             Requested size: 505.89pt x 379.41656pt.

Overfull \hbox (7.96895pt too wide) in paragraph at lines 618--619
 [] 
 []


LaTeX Warning: `!h' float specifier changed to `!ht'.

[25]

Package hyperref Warning: Token not allowed in a PDF string (PDFDocEncoding):
(hyperref)                removing `math shift' on input line 631.


Package hyperref Warning: Token not allowed in a PDF string (PDFDocEncoding):
(hyperref)                removing `math shift' on input line 631.

<faultslayout.pdf, id=305, 368.9293pt x 187.47641pt>
File: faultslayout.pdf Graphic file (type pdf)
 <use faultslayout.pdf>
Package pdftex.def Info: faultslayout.pdf used on input line 642.
(pdftex.def)             Requested size: 252.94499pt x 128.53784pt.

<faultslayout2.pdf, id=308, 522.52515pt x 496.9255pt>
File: faultslayout2.pdf Graphic file (type pdf)
 <use faultslayout2.pdf>
Package pdftex.def Info: faultslayout2.pdf used on input line 653.
(pdftex.def)             Requested size: 361.34999pt x 343.65996pt.

Overfull \hbox (2.84685pt too wide) in paragraph at lines 653--654
 [] 
 []

<faultsend.pdf, id=310, 517.25449pt x 367.42369pt>
File: faultsend.pdf Graphic file (type pdf)
 <use faultsend.pdf>
Package pdftex.def Info: faultsend.pdf used on input line 665.
(pdftex.def)             Requested size: 505.89pt x 359.34953pt.

Overfull \hbox (7.96895pt too wide) in paragraph at lines 665--666
 [] 
 []


LaTeX Warning: `!h' float specifier changed to `!ht'.

) [26] [27 <C:/crysFML/Program_Examples/Faults/Help/Manual_latex-files/pgfexample.png>] [28 <C:/crysFML/Program_Examples
/Faults/Help/Manual_latex-files/faultslayout.pdf>] [29 <C:/crysFML/Program_Examples/Faults/Help/Manual_latex-files/fault
slayout2.pdf>] [30 <C:/crysFML/Program_Examples/Faults/Help/Manual_latex-files/faultsend.pdf>]
(C:\crysFML\Program_Examples\Faults\Help\Manual_latex-files\chapter2.tex
Chapter 2.

Package hyperref Warning: Token not allowed in a PDF string (PDFDocEncoding):
(hyperref)                removing `math shift' on input line 13.


Package hyperref Warning: Token not allowed in a PDF string (PDFDocEncoding):
(hyperref)                removing `subscript' on input line 13.


Package hyperref Warning: Token not allowed in a PDF string (PDFDocEncoding):
(hyperref)                removing `math shift' on input line 13.

<LiNO_estructura.png, id=368, 758.835pt x 474.27188pt>
File: LiNO_estructura.png Graphic file (type png)
 <use LiNO_estructura.png>
Package pdftex.def Info: LiNO_estructura.png used on input line 20.
(pdftex.def)             Requested size: 289.07999pt x 180.67386pt.
pdfTeX warning (ext4): destination with the same identifier (name{page.19}) has been already used, duplicate ignored
<to be read again> 
                   \relax 
l.27 
      [19



]pdfTeX warning (ext4): destination with the same identifier (name{page.20}) has been already used, duplicate ignored
<to be read again> 
                   \relax 
l.36 
      [20 <C:/crysFML/Program_Examples/Faults/Help/Manual_latex-files/LiNO_estructura.png>]
<transitions.png, id=387, 784.43062pt x 609.77812pt>
File: transitions.png Graphic file (type png)
 <use transitions.png>
Package pdftex.def Info: transitions.png used on input line 39.
(pdftex.def)             Requested size: 289.07999pt x 224.72115pt.

<description.png, id=388, 758.835pt x 530.73282pt>
File: description.png Graphic file (type png)
 <use description.png>
Package pdftex.def Info: description.png used on input line 48.
(pdftex.def)             Requested size: 433.62pt x 303.28209pt.

<Rp_Chi2_ab_grafika.png, id=389, 820.9872pt x 573.1011pt>
File: Rp_Chi2_ab_grafika.png Graphic file (type png)
 <use Rp_Chi2_ab_grafika.png>
Package pdftex.def Info: Rp_Chi2_ab_grafika.png used on input line 94.
(pdftex.def)             Requested size: 289.07999pt x 201.79517pt.

<pattern.png, id=390, 1069.74657pt x 574.39594pt>
File: pattern.png Graphic file (type png)
 <use pattern.png>
Package pdftex.def Info: pattern.png used on input line 102.
(pdftex.def)             Requested size: 433.62pt x 232.83066pt.
)pdfTeX warning (ext4): destination with the same identifier (name{page.21}) has been already used, duplicate ignored
<to be read again> 
                   \relax 
l.42 \include{chapter2}
                        [21 <C:/crysFML/Program_Examples/Faults/Help/Manual_latex-files/transitions.png>]pdfTeX warning 
(ext4): destination with the same identifier (name{page.22}) has been already used, duplicate ignored
<to be read again> 
                   \relax 
l.42 \include{chapter2}
                        [22 <C:/crysFML/Program_Examples/Faults/Help/Manual_latex-files/description.png>]pdfTeX warning 
(ext4): destination with the same identifier (name{page.23}) has been already used, duplicate ignored
<to be read again> 
                   \relax 
l.42 \include{chapter2}
                        [23]pdfTeX warning (ext4): destination with the same identifier (name{page.24}) has been already
 used, duplicate ignored
<to be read again> 
                   \relax 
l.42 \include{chapter2}
                        [24 <C:/crysFML/Program_Examples/Faults/Help/Manual_latex-files/Rp_Chi2_ab_grafika.png>]pdfTeX w
arning (ext4): destination with the same identifier (name{page.25}) has been already used, duplicate ignored
<to be read again> 
                   \relax 
l.42 \include{chapter2}
                        [25 <C:/crysFML/Program_Examples/Faults/Help/Manual_latex-files/pattern.png>]
(C:\crysFML\Program_Examples\Faults\Help\Manual_latex-files\bibliography.tex

LaTeX Warning: Command \i invalid in math mode on input line 7.


LaTeX Warning: Command \i invalid in math mode on input line 7.


Underfull \hbox (badness 3343) in paragraph at lines 7--8
[]\OT1/cmr/m/n/10.95 Rodr$[]$guez-Carvajal J. and Gonzalez-Platas J., Crys-tal-lo-graphic
 []


Underfull \hbox (badness 6063) in paragraph at lines 7--8
\OT1/cmr/m/n/10.95 tal-lo-graphic com-put-ing pro-grams. \OT1/cmr/m/it/10.95 IUCr Com-p-Comm. Newslet-
 []


Underfull \hbox (badness 10000) in paragraph at lines 7--8
\OT1/cmr/m/it/10.95 ter\OT1/cmr/m/n/10.95 , 1:50-58, 2003. Avail-able at: http://www.iucr.org/iucr-
 []


LaTeX Warning: Command \i invalid in math mode on input line 8.


LaTeX Warning: Command \i invalid in math mode on input line 8.


Underfull \hbox (badness 10000) in paragraph at lines 8--9
[]\OT1/cmr/m/n/10.95 Rodr$[]$guez-Carvajal J. and Gonzalez-Platas J.,
 []


Underfull \hbox (badness 10000) in paragraph at lines 8--9
\OT1/cmr/m/n/10.95 CrysFML repos-i-tory. Avail-able at: http://forge.epn-
 []


Underfull \hbox (badness 1152) in paragraph at lines 9--10
[]\OT1/cmr/m/n/10.95 Treacy M.M.J., Deem M.W., and Newsam J.M. DIF-FaX Man-
 []


Underfull \hbox (badness 1924) in paragraph at lines 9--10
\OT1/cmr/m/n/10.95 ual, 2005, Chap 8: How DIF-FaX works (p48). Avail-able at:
 []


LaTeX Warning: Command \i invalid in math mode on input line 11.


LaTeX Warning: Command \i invalid in math mode on input line 11.


LaTeX Warning: Command \i invalid in math mode on input line 11.


LaTeX Warning: Command \i invalid in math mode on input line 11.

[1



]

LaTeX Warning: Command \i invalid in math mode on input line 12.


LaTeX Warning: Command \i invalid in math mode on input line 12.


LaTeX Warning: Command \i invalid in math mode on input line 13.


LaTeX Warning: Command \i invalid in math mode on input line 13.


Underfull \hbox (badness 10000) in paragraph at lines 13--14
[]\OT1/cmr/m/n/10.95 Rodr$[]$guez Car-va-jal J., Full-Prof Suite. Avail-able at
 []


Underfull \hbox (badness 10000) in paragraph at lines 14--15
[]\OT1/cmr/m/n/10.95 Treacy M.M.J., Deem M.W., and Newsam
 []


Underfull \hbox (badness 10000) in paragraph at lines 14--15
\OT1/cmr/m/n/10.95 J.M. DIF-FaX Man-ual, 2005. Avail-able at:
 []


LaTeX Warning: Command \i invalid in math mode on input line 15.


LaTeX Warning: Command \i invalid in math mode on input line 15.


LaTeX Warning: Command \i invalid in math mode on input line 17.


LaTeX Warning: Command \i invalid in math mode on input line 17.


Underfull \hbox (badness 10000) in paragraph at lines 17--18
[]\OT1/cmr/m/n/10.95 Rodr$[]$guez Car-va-jal J., Full-Prof Man-ual. Avail-able at
 []


LaTeX Warning: Command \i invalid in math mode on input line 18.


LaTeX Warning: Command \i invalid in math mode on input line 18.


LaTeX Warning: Command \i invalid in math mode on input line 19.


LaTeX Warning: Command \i invalid in math mode on input line 19.


LaTeX Warning: Command \i invalid in math mode on input line 20.


LaTeX Warning: Command \i invalid in math mode on input line 20.

[2]) [3]
Package atveryend Info: Empty hook `BeforeClearDocument' on input line 50.
Package atveryend Info: Empty hook `AfterLastShipout' on input line 50.
 ("C:\crysFML\Program_Examples\Faults\Help\Manual_latex-files\FAULTS manual.aux"
(C:\crysFML\Program_Examples\Faults\Help\Manual_latex-files\chapter1.aux)
(C:\crysFML\Program_Examples\Faults\Help\Manual_latex-files\chapter2.aux)
(C:\crysFML\Program_Examples\Faults\Help\Manual_latex-files\bibliography.aux))
Package atveryend Info: Executing hook `AtVeryEndDocument' on input line 50.
Package atveryend Info: Executing hook `AtEndAfterFileList' on input line 50.
Package rerunfilecheck Info: File `FAULTS*manual.out' has not changed.
(rerunfilecheck)             Checksum: <no file>.
Package atveryend Info: Empty hook `AtVeryVeryEnd' on input line 50.
 ) 
Here is how much of TeX's memory you used:
 9515 strings out of 493921
 128851 string characters out of 3147254
 264127 words of memory out of 3000000
 12542 multiletter control sequences out of 15000+200000
 26700 words of font info for 99 fonts, out of 3000000 for 9000
 841 hyphenation exceptions out of 8191
 29i,10n,33p,1508b,445s stack positions out of 5000i,500n,10000p,200000b,50000s
<C:/Program Files/MiKTeX 2.9/fonts/type1/public/amsfonts/cm/cmbx10.pfb><C:/Program Files/MiKTeX 2.9/fonts/type1/public
/amsfonts/cm/cmbx12.pfb><C:/Program Files/MiKTeX 2.9/fonts/type1/public/amsfonts/cm/cmbxti10.pfb><C:/Program Files/MiKTe
X 2.9/fonts/type1/public/amsfonts/cm/cmex10.pfb><C:/Program Files/MiKTeX 2.9/fonts/type1/public/amsfonts/cm/cmmi10.pfb><
C:/Program Files/MiKTeX 2.9/fonts/type1/public/amsfonts/cm/cmmi8.pfb><C:/Program Files/MiKTeX 2.9/fonts/type1/public/ams
fonts/cm/cmmi9.pfb><C:/Program Files/MiKTeX 2.9/fonts/type1/public/amsfonts/cm/cmr10.pfb><C:/Program Files/MiKTeX 2.9/fo
nts/type1/public/amsfonts/cm/cmr12.pfb><C:/Program Files/MiKTeX 2.9/fonts/type1/public/amsfonts/cm/cmr8.pfb><C:/Program 
Files/MiKTeX 2.9/fonts/type1/public/amsfonts/cm/cmr9.pfb><C:/Program Files/MiKTeX 2.9/fonts/type1/public/amsfonts/cm/cms
y10.pfb><C:/Program Files/MiKTeX 2.9/fonts/type1/public/amsfonts/cm/cmti10.pfb>
Output written on "FAULTS manual.pdf" (42 pages, 1544814 bytes).
PDF statistics:
 487 PDF objects out of 1000 (max. 8388607)
 90 named destinations out of 1000 (max. 500000)
 189 words of extra memory for PDF output out of 10000 (max. 10000000)

