 ______________________________________________________
                                                       
               _______ FAULTS 2015 _______             
 ______________________________________________________
 ______________________________________________________
                                                       
        A computer program based on DIFFaX for         
          refining faulted layered structures          
                                                       
     Authors of DIFFaX:                                
       M. M. J. Treacy , M. W. Deem & J. M. Newsam     
                                                       
     Authors of FAULTS:                                
      Montse Casas-Cabanas     (CIC Energigune)        
      Jokin Rikarte            (CIC Energigune)        
      Marine Reynaud           (CIC Energigune)        
      Juan Rodriguez-Carvajal  (Institut Laue-Langevin)
                                                       
                   [version: Jan. 2015]                
 ______________________________________________________



 ---------------------------------------------------------------------
 Writing input data parameter read in file li2pto3_final.flts
 ---------------------------------------------------------------------

TITLE:
LiNiO2 WITH O1 TYPE FAULTS                                                                                                          
                      Number of layers =    4
               Number of unique layers =    2
        Number of different atom types =    3
 cell_a,      cell_b,      cell_c,      cell_gamma     5.186115    5.186115    4.813206       60.03
 Layers are to be treated as having infinite lateral width.
 radiation type = X-RAY                                                                           
 Wavelength lambda =   1.5406      1.5444     0.50000    
 Diffraction point group symmetry specified = -1          
 Instrumental broadening to be simulated = PSEUDO-VOIGT                                                                    
 Pseudo-Voigt parameters:   u,       v,       w,       x,      Dg,          Dl
                         0.094   -0.072    0.060    0.000    20144.420     1510.880
   Intensity near origin will be ignored
  
 LAYER    1 is equivalent to fundamental LAYER    1
    Existence probability =  0.50000    
 LAYER    2 is equivalent to fundamental LAYER    2
    Existence probability =  0.31690    
 LAYER    3 is equivalent to fundamental LAYER    2
    Existence probability =  0.73308E-01
 LAYER    4 is equivalent to fundamental LAYER    2
    Existence probability =  0.10980    
  
 fundamental LAYER    1
 symmetry = CENTROSYMMETRIC                                                                 
 LAYER composition is:
                       LI1+:   3.00
                       O2- :   6.00
  
  
 ATOM number  1 in layer 1 is 'LI1+'
    x_rel        y_rel        z_rel          DW          Occ
    0.0000       0.0000       0.0000      0.71947      0.50000    
 X-ray scattering factor data Ai, Bi
  0.69680       4.6237      0.78880       1.9557      0.34140    
  0.63160      0.15630       10.095      0.16700E-01
  
 ATOM number  2 in layer 1 is 'LI1+'
    x_rel        y_rel        z_rel          DW          Occ
   0.33180      0.33180       0.0000      0.71947      0.50000    
 X-ray scattering factor data Ai, Bi
  0.69680       4.6237      0.78880       1.9557      0.34140    
  0.63160      0.15630       10.095      0.16700E-01
  
 ATOM number  3 in layer 1 is 'LI1+'
    x_rel        y_rel        z_rel          DW          Occ
   0.67490      0.67490       0.0000      0.71947      0.50000    
 X-ray scattering factor data Ai, Bi
  0.69680       4.6237      0.78880       1.9557      0.34140    
  0.63160      0.15630       10.095      0.16700E-01
  
 ATOM number  4 in layer 1 is 'O2- '
    x_rel        y_rel        z_rel          DW          Occ
  -0.52910E-01  0.68314      0.25863      0.10000       1.0000    
 X-ray scattering factor data Ai, Bi
   4.1916       12.857       1.6397       4.1724       1.5267    
   47.018      -20.307     -0.14040E-01   21.941    
  
 ATOM number  5 in layer 1 is 'O2- '
    x_rel        y_rel        z_rel          DW          Occ
   0.36936       1.0380      0.25079      0.10000       1.0000    
 X-ray scattering factor data Ai, Bi
   4.1916       12.857       1.6397       4.1724       1.5267    
   47.018      -20.307     -0.14040E-01   21.941    
  
 ATOM number  6 in layer 1 is 'O2- '
    x_rel        y_rel        z_rel          DW          Occ
   0.70922      0.26418      0.25079      0.10000       1.0000    
 X-ray scattering factor data Ai, Bi
   4.1916       12.857       1.6397       4.1724       1.5267    
   47.018      -20.307     -0.14040E-01   21.941    
  
 fundamental LAYER    2
 symmetry = NONE                                                                            
 LAYER composition is:
                       LI1+:   1.00
                       O2- :   0.00
                       PT4+:   2.00
  
  
 ATOM number  7 in layer 2 is 'PT4+'
    x_rel        y_rel        z_rel          DW          Occ
   0.83375      0.84275       0.0000      0.93100E-01   1.0000    
 X-ray scattering factor data Ai, Bi
   30.961       1.2481       15.983       6.6083       13.735    
  0.16864       5.9203       16.939       7.3953    
  
 ATOM number  8 in layer 2 is 'PT4+'
    x_rel        y_rel        z_rel          DW          Occ
   0.16614      0.15720       0.0000      0.93100E-01   1.0000    
 X-ray scattering factor data Ai, Bi
   30.961       1.2481       15.983       6.6083       13.735    
  0.16864       5.9203       16.939       7.3953    
  
 ATOM number  9 in layer 2 is 'LI1+'
    x_rel        y_rel        z_rel          DW          Occ
   0.50052      0.50052       0.0000      0.71947       1.0000    
 X-ray scattering factor data Ai, Bi
  0.69680       4.6237      0.78880       1.9557      0.34140    
  0.63160      0.15630       10.095      0.16700E-01
  
  
 Average crystal composition is:
                       LI1+: 0.3333
                       O2- : 0.5504
                       PT4+: 0.1163
  
  
 STACKING
 Stacking is to be treated RECURSIVELY by FAULTS.
 Number of layers along the fault direction is INFINITE
  
  
 TRANSITIONS
 Layer stacking probabilities and stacking vectors.
   i  j |   alpha_ij      Rx_ij        Ry_ij        Rz_ij
   -----|-------------------------------------------------
        |
   1  1 |   0.0000       0.0000       0.0000       0.0000    
   1  2 |  0.63379     -0.16757      0.16709      0.50000    
   1  3 |  0.14662      0.17542      0.47988      0.50000    
   1  4 |  0.21959      0.49380      0.84795      0.50000    
        |
   2  1 |   1.0000     -0.16757      0.16709      0.50000    
   2  2 |   0.0000       0.0000       0.0000       0.0000    
   2  3 |   0.0000       0.0000       0.0000       0.0000    
   2  4 |   0.0000       0.0000       0.0000       0.0000    
        |
   3  1 |   1.0000      0.17542      0.47988      0.50000    
   3  2 |   0.0000       0.0000       0.0000       0.0000    
   3  3 |   0.0000       0.0000       0.0000       0.0000    
   3  4 |   0.0000       0.0000       0.0000       0.0000    
        |
   4  1 |   1.0000      0.49380      0.84795      0.50000    
   4  2 |   0.0000       0.0000       0.0000       0.0000    
   4  3 |   0.0000       0.0000       0.0000       0.0000    
   4  4 |   0.0000       0.0000       0.0000       0.0000    
  
 Anisotropic Layer stacking 'UNCERTAINTY' FACTORS.
   i  j |     C11      C22      C33      C12      C13      C23
   -----|-------------------------------------------------------
        |
   1  1 |    0.000    0.000    0.000    0.000    0.000    0.000
   1  2 |    0.000    0.000    0.000    0.000    0.000    0.000
   1  3 |    0.000    0.000    0.000    0.000    0.000    0.000
   1  4 |    0.000    0.000    0.000    0.000    0.000    0.000
        |
   2  1 |    0.000    0.000    0.000    0.000    0.000    0.000
   2  2 |    0.000    0.000    0.000    0.000    0.000    0.000
   2  3 |    0.000    0.000    0.000    0.000    0.000    0.000
   2  4 |    0.000    0.000    0.000    0.000    0.000    0.000
        |
   3  1 |    0.000    0.000    0.000    0.000    0.000    0.000
   3  2 |    0.000    0.000    0.000    0.000    0.000    0.000
   3  3 |    0.000    0.000    0.000    0.000    0.000    0.000
   3  4 |    0.000    0.000    0.000    0.000    0.000    0.000
        |
   4  1 |    0.000    0.000    0.000    0.000    0.000    0.000
   4  2 |    0.000    0.000    0.000    0.000    0.000    0.000
   4  3 |    0.000    0.000    0.000    0.000    0.000    0.000
   4  4 |    0.000    0.000    0.000    0.000    0.000    0.000
  
  
 CALCULATION  
 LMA
 CORRMAX      30
 MAXFUN     2400
 TOL         0.0000
 Nprint      1
  
  
  
 EXPERIMENTAL
 FILE  813m.dat            
 FFORMAT  FREE                
 ------------------------------------------------------------------------------------------------
              Parameter Name           New_Value     Old_Value    Multiplier         Shift ParNum
 ------------------------------------------------------------------------------------------------
 State(  1):  cell_a                     5.18611       5.18611       1.00000       0.00000    1
 State(  2):  cell_b                     5.18611       5.18611       1.00000       0.00000    1
 State(  3):  Scale_Factor               1.88541       1.88541       1.00000       0.00000    2
 State(  4):  cell_c                     4.81321       4.81321       1.00000       0.00000    3
 State(  5):  Bkg_Scale_01               0.94247       0.94247       1.00000       0.00000    4
 State(  6):  Bkg_Scale_02               0.29961       0.29961       1.00000       0.00000    5
 State(  7):  alpha0102                  0.63379       0.63379       1.00000       0.00000    6
 State(  8):  alpha0103                  0.14662       0.14662      -0.50000       0.00000    6
 State(  9):  alpha0104                  0.21959       0.21959      -0.50000       0.00000    6
 State( 10):  cell_gamma                60.03000      60.03000       1.00000       0.00000    7
 State( 11):  Dl                      1510.88000    1510.88000       1.00000       0.00000    8
 State( 12):  ty0104                     0.84795       0.84795       1.00000       0.00000    9
 State( 13):  ty0401                     0.84795       0.84795       1.00000       0.00000    9
 State( 14):  pos_x0102                  0.83375       0.83375       1.00000       0.00000   10
 State( 15):  pos_x0202                  0.16614       0.16614       1.00000       0.00000   11
 State( 16):  pos_y0102                  0.84275       0.84275       1.00000       0.00000   12
 State( 17):  pos_y0202                  0.15720       0.15720       1.00000       0.00000   13
 State( 18):  tx0103                     0.17542       0.17542       1.00000       0.00000   14
 State( 19):  tx0301                     0.17542       0.17542       1.00000       0.00000   14
 State( 20):  ty0103                     0.47988       0.47988       1.00000       0.00000   15
 State( 21):  ty0301                     0.47988       0.47988       1.00000       0.00000   15
 State( 22):  tx0104                     0.49380       0.49380       1.00000       0.00000   16
 State( 23):  tx0401                     0.49380       0.49380       1.00000       0.00000   16
 State( 24):  tx0102                    -0.16757      -0.16757       1.00000       0.00000   17
 State( 25):  ty0102                     0.16709       0.16709       1.00000       0.00000   17
 State( 26):  tx0201                    -0.16757      -0.16757       1.00000       0.00000   17
 State( 27):  ty0201                     0.16709       0.16709       1.00000       0.00000   17
 State( 28):  pos_x0401                 -0.05291      -0.05291       1.00000       0.00000   18
 State( 29):  pos_x0501                  0.36936       0.36936       1.00000       0.00000   19
 State( 30):  pos_x0601                  0.70922       0.70922       1.00000       0.00000   20
 State( 31):  pos_y0401                  0.68314       0.68314       1.00000       0.00000   21
 State( 32):  pos_y0501                  1.03801       1.03801       1.00000       0.00000   22
 State( 33):  pos_y0601                  0.26418       0.26418       1.00000       0.00000   23
 State( 34):  Biso0102                   0.09310       0.09310       1.00000       0.00000   24
 State( 35):  Biso0202                   0.09310       0.09310       1.00000       0.00000   24
 => Iteration    0   R-Factor =     10.45214   Chi2 =    110.18235
 ------------------------------------------------------------------------------------------------
              Parameter Name           New_Value     Old_Value    Multiplier         Shift ParNum
 ------------------------------------------------------------------------------------------------
 State(  1):  cell_a                     5.18612       5.18622       1.00000      -0.00011    1
 State(  2):  cell_b                     5.18612       5.18622       1.00000      -0.00011    1
 State(  3):  Scale_Factor               1.88959       1.88814       1.00000       0.00145    2
 State(  4):  cell_c                     4.81329       4.81348       1.00000      -0.00019    3
 State(  5):  Bkg_Scale_01               0.93488       0.94331       1.00000      -0.00844    4
 State(  6):  Bkg_Scale_02               0.30048       0.29897       1.00000       0.00151    5
 State(  7):  alpha0102                  0.63732       0.63547       1.00000       0.00185    6
 State(  8):  alpha0103                  0.14485       0.14578      -0.50000       0.00185    6
 State(  9):  alpha0104                  0.21783       0.21875      -0.50000       0.00185    6
 State( 10):  cell_gamma                60.03274      60.03333       1.00000      -0.00059    7
 State( 11):  Dl                      1518.54749    1508.90308       1.00000       9.64441    8
 State( 12):  ty0104                     0.84881       0.84959       1.00000      -0.00077    9
 State( 13):  ty0401                     0.84881       0.84959       1.00000      -0.00077    9
 State( 14):  pos_x0102                  0.83351       0.84080       1.00000      -0.00729   10
 State( 15):  pos_x0202                  0.16635       0.15260       1.00000       0.01375   11
 State( 16):  pos_y0102                  0.84342       0.83871       1.00000       0.00471   12
 State( 17):  pos_y0202                  0.15653       0.16152       1.00000      -0.00499   13
 State( 18):  tx0103                     0.17815       0.19629       1.00000      -0.01815   14
 State( 19):  tx0301                     0.17815       0.19629       1.00000      -0.01815   14
 State( 20):  ty0103                     0.48038       0.47971       1.00000       0.00067   15
 State( 21):  ty0301                     0.48038       0.47971       1.00000       0.00067   15
 State( 22):  tx0104                     0.49339       0.47462       1.00000       0.01877   16
 State( 23):  tx0401                     0.49339       0.47462       1.00000       0.01877   16
 State( 24):  tx0102                    -0.16748      -0.16521       1.00000      -0.00227   17
 State( 25):  ty0102                     0.16718       0.16945       1.00000      -0.00227   17
 State( 26):  tx0201                    -0.16748      -0.16521       1.00000      -0.00227   17
 State( 27):  ty0201                     0.16718       0.16945       1.00000      -0.00227   17
 State( 28):  pos_x0401                 -0.05343      -0.10737       1.00000       0.05395   18
 State( 29):  pos_x0501                  0.34681       0.30156       1.00000       0.04525   19
 State( 30):  pos_x0601                  0.70630       0.67836       1.00000       0.02793   20
 State( 31):  pos_y0401                  0.67644       0.67453       1.00000       0.00191   21
 State( 32):  pos_y0501                  1.02480       1.01997       1.00000       0.00484   22
 State( 33):  pos_y0601                  0.28013       0.27565       1.00000       0.00448   23
 State( 34):  Biso0102                   0.07881       0.07032       1.00000       0.00849   24
 State( 35):  Biso0202                   0.07881       0.07032       1.00000       0.00849   24
 => Iteration    1   R-Factor =     10.38520   Chi2 =    108.79321
 ------------------------------------------------------------------------------------------------
              Parameter Name           New_Value     Old_Value    Multiplier         Shift ParNum
 ------------------------------------------------------------------------------------------------
 State(  1):  cell_a                     5.18612       5.18610       1.00000       0.00002    1
 State(  2):  cell_b                     5.18612       5.18610       1.00000       0.00002    1
 State(  3):  Scale_Factor               1.89013       1.89094       1.00000      -0.00081    2
 State(  4):  cell_c                     4.81331       4.81339       1.00000      -0.00008    3
 State(  5):  Bkg_Scale_01               0.93602       0.94223       1.00000      -0.00621    4
 State(  6):  Bkg_Scale_02               0.30055       0.30032       1.00000       0.00023    5
 State(  7):  alpha0102                  0.63899       0.63704       1.00000       0.00195    6
 State(  8):  alpha0103                  0.14402       0.14499      -0.50000       0.00195    6
 State(  9):  alpha0104                  0.21699       0.21797      -0.50000       0.00195    6
 State( 10):  cell_gamma                60.03304      60.03319       1.00000      -0.00015    7
 State( 11):  Dl                      1520.78320    1523.46448       1.00000      -2.68127    8
 State( 12):  ty0104                     0.84859       0.84870       1.00000      -0.00011    9
 State( 13):  ty0401                     0.84859       0.84870       1.00000      -0.00011    9
 State( 14):  pos_x0102                  0.83335       0.83329       1.00000       0.00005   10
 State( 15):  pos_x0202                  0.16652       0.16660       1.00000      -0.00008   11
 State( 16):  pos_y0102                  0.84325       0.84302       1.00000       0.00023   12
 State( 17):  pos_y0202                  0.15671       0.15695       1.00000      -0.00024   13
 State( 18):  tx0103                     0.17739       0.17691       1.00000       0.00048   14
 State( 19):  tx0301                     0.17739       0.17691       1.00000       0.00048   14
 State( 20):  ty0103                     0.47954       0.47914       1.00000       0.00040   15
 State( 21):  ty0301                     0.47954       0.47914       1.00000       0.00040   15
 State( 22):  tx0104                     0.49292       0.49268       1.00000       0.00024   16
 State( 23):  tx0401                     0.49292       0.49268       1.00000       0.00024   16
 State( 24):  tx0102                    -0.16760      -0.16768       1.00000       0.00008   17
 State( 25):  ty0102                     0.16706       0.16698       1.00000       0.00008   17
 State( 26):  tx0201                    -0.16760      -0.16768       1.00000       0.00008   17
 State( 27):  ty0201                     0.16706       0.16698       1.00000       0.00008   17
 State( 28):  pos_x0401                 -0.04992      -0.03875       1.00000      -0.01116   18
 State( 29):  pos_x0501                  0.34858       0.35654       1.00000      -0.00796   19
 State( 30):  pos_x0601                  0.70831       0.71283       1.00000      -0.00452   20
 State( 31):  pos_y0401                  0.68351       0.69894       1.00000      -0.01543   21
 State( 32):  pos_y0501                  1.02885       1.04532       1.00000      -0.01647   22
 State( 33):  pos_y0601                  0.28249       0.28819       1.00000      -0.00570   23
 State( 34):  Biso0102                   0.07743       0.07549       1.00000       0.00194   24
 State( 35):  Biso0202                   0.07743       0.07549       1.00000       0.00194   24
 => Iteration    2   R-Factor =     10.29545   Chi2 =    108.17578

 => Correlation Matrix: 

    Correlation:  58 > 30% for parameters:                                     cell_b & pos_x0202                               
    Correlation:  58 > 30% for parameters:                                     cell_b & pos_y0102                               
    Correlation:  33 > 30% for parameters:                                     cell_b & ty0301                                  
    Correlation:  44 > 30% for parameters:                                     cell_b & ty0201                                  
    Correlation:  59 > 30% for parameters:                                     cell_b & pos_x0501                               
    Correlation:  63 > 30% for parameters:                                     cell_b & pos_x0601                               
    Correlation:  70 > 30% for parameters:                                     cell_b & pos_y0401                               
    Correlation:  39 > 30% for parameters:                                     cell_b & pos_y0501                               
    Correlation:  69 > 30% for parameters:                                     cell_b & pos_y0601                               
    Correlation:  30 > 30% for parameters:                               Scale_Factor & alpha0104                               
    Correlation:  44 > 30% for parameters:                               Scale_Factor & Dl                                      
    Correlation:  38 > 30% for parameters:                               Scale_Factor & pos_x0102                               
    Correlation:  40 > 30% for parameters:                               Scale_Factor & pos_y0202                               
    Correlation:  35 > 30% for parameters:                               Scale_Factor & tx0301                                  
    Correlation:  78 > 30% for parameters:                               Scale_Factor & Biso0202                                
    Correlation:  52 > 30% for parameters:                                     cell_c & cell_gamma                              
    Correlation:  39 > 30% for parameters:                                     cell_c & pos_y0202                               
    Correlation:  47 > 30% for parameters:                                     cell_c & tx0301                                  
    Correlation:  49 > 30% for parameters:                               Bkg_Scale_02 & pos_x0202                               
    Correlation:  62 > 30% for parameters:                               Bkg_Scale_02 & pos_y0102                               
    Correlation:  45 > 30% for parameters:                               Bkg_Scale_02 & ty0301                                  
    Correlation:  44 > 30% for parameters:                               Bkg_Scale_02 & tx0401                                  
    Correlation:  58 > 30% for parameters:                               Bkg_Scale_02 & ty0201                                  
    Correlation:  31 > 30% for parameters:                                  alpha0104 & pos_y0202                               
    Correlation:  36 > 30% for parameters:                                 cell_gamma & pos_y0202                               
    Correlation:  56 > 30% for parameters:                                     ty0401 & ty0301                                  
    Correlation:  54 > 30% for parameters:                                     ty0401 & tx0401                                  
    Correlation:  64 > 30% for parameters:                                  pos_x0102 & pos_y0202                               
    Correlation:  47 > 30% for parameters:                                  pos_x0102 & tx0301                                  
    Correlation:  95 > 30% for parameters:                                  pos_x0202 & pos_y0102                               
    Correlation:  80 > 30% for parameters:                                  pos_x0202 & ty0301                                  
    Correlation:  59 > 30% for parameters:                                  pos_x0202 & tx0401                                  
    Correlation:  76 > 30% for parameters:                                  pos_x0202 & ty0201                                  
    Correlation:  70 > 30% for parameters:                                  pos_x0202 & pos_x0501                               
    Correlation:  73 > 30% for parameters:                                  pos_x0202 & pos_x0601                               
    Correlation:  76 > 30% for parameters:                                  pos_x0202 & pos_y0401                               
    Correlation:  35 > 30% for parameters:                                  pos_x0202 & pos_y0501                               
    Correlation:  77 > 30% for parameters:                                  pos_x0202 & pos_y0601                               
    Correlation:  71 > 30% for parameters:                                  pos_y0102 & ty0301                                  
    Correlation:  47 > 30% for parameters:                                  pos_y0102 & tx0401                                  
    Correlation:  85 > 30% for parameters:                                  pos_y0102 & ty0201                                  
    Correlation:  66 > 30% for parameters:                                  pos_y0102 & pos_x0501                               
    Correlation:  66 > 30% for parameters:                                  pos_y0102 & pos_x0601                               
    Correlation:  72 > 30% for parameters:                                  pos_y0102 & pos_y0401                               
    Correlation:  36 > 30% for parameters:                                  pos_y0102 & pos_y0501                               
    Correlation:  70 > 30% for parameters:                                  pos_y0102 & pos_y0601                               
    Correlation:  66 > 30% for parameters:                                  pos_y0202 & tx0301                                  
    Correlation:  85 > 30% for parameters:                                     ty0301 & tx0401                                  
    Correlation:  46 > 30% for parameters:                                     ty0301 & ty0201                                  
    Correlation:  49 > 30% for parameters:                                     ty0301 & pos_x0501                               
    Correlation:  46 > 30% for parameters:                                     ty0301 & pos_x0601                               
    Correlation:  51 > 30% for parameters:                                     ty0301 & pos_y0401                               
    Correlation:  50 > 30% for parameters:                                     ty0301 & pos_y0601                               
    Correlation:  51 > 30% for parameters:                                     ty0201 & pos_x0501                               
    Correlation:  49 > 30% for parameters:                                     ty0201 & pos_x0601                               
    Correlation:  55 > 30% for parameters:                                     ty0201 & pos_y0401                               
    Correlation:  53 > 30% for parameters:                                     ty0201 & pos_y0601                               
    Correlation:  70 > 30% for parameters:                                  pos_x0401 & pos_y0501                               
    Correlation:  78 > 30% for parameters:                                  pos_x0501 & pos_x0601                               
    Correlation:  92 > 30% for parameters:                                  pos_x0501 & pos_y0401                               
    Correlation:  86 > 30% for parameters:                                  pos_x0501 & pos_y0601                               
    Correlation:  85 > 30% for parameters:                                  pos_x0601 & pos_y0401                               
    Correlation:  95 > 30% for parameters:                                  pos_x0601 & pos_y0601                               
    Correlation:  32 > 30% for parameters:                                  pos_y0401 & pos_y0501                               
    Correlation:  94 > 30% for parameters:                                  pos_y0401 & pos_y0601                               
    Correlation:  35 > 30% for parameters:                                  pos_y0501 & pos_y0601                               

 => There are  66 values of Correlation > 30%


      FINAL LIST OF REFINED PARAMETERS AND STANDARD DEVIATIONS
      --------------------------------------------------------


    #   Parameter name                       No.(Model)         Final-Value   Standard Deviation

    1    cell_b                                       1             5.18612             0.00003
    2    Scale_Factor                                 2             1.89013             0.00406
    3    cell_c                                       3             4.81331             0.00002
    4    Bkg_Scale_01                                 4             0.93602             0.00619
    5    Bkg_Scale_02                                 5             0.30055             0.00170
    6    alpha0104                                    6             0.22479             0.00109
    7    cell_gamma                                   7            60.03304             0.00076
    8    Dl                                           8          1520.78320             5.66749
    9    ty0401                                       9             0.84859             0.00007
   10    pos_x0102                                   10             0.83335             0.00091
   11    pos_x0202                                   11             0.16652             0.00257
   12    pos_y0102                                   12             0.84325             0.00108
   13    pos_y0202                                   13             0.15671             0.00075
   14    tx0301                                      14             0.17739             0.00293
   15    ty0301                                      15             0.47954             0.00021
   16    tx0401                                      16             0.49292             0.00176
   17    ty0201                                      17             0.16706             0.00006
   18    pos_x0401                                   18            -0.04992             0.00103
   19    pos_x0501                                   19             0.34858             0.00494
   20    pos_x0601                                   20             0.70831             0.00608
   21    pos_y0401                                   21             0.68351             0.00822
   22    pos_y0501                                   22             1.02885             0.00267
   23    pos_y0601                                   23             0.28249             0.00678
   24    Biso0202                                    24             0.07743             0.00296

 => Final value of Chi2:    108.18    
 => Total CPU-time:    8 minutes and  54.3814 seconds
